This is pdfTeX, Version 3.1415926-2.5-1.40.14 (MiKTeX 2.9) (preloaded format=pdflatex 2014.4.29)  8 DEC 2014 21:35
entering extended mode
**Chapter1_and_2.tex
("C:\Users\SjurK\Desktop\economic-takings\Thesis Shell\Chapter1_and_2.tex"
LaTeX2e <2011/06/27>
Babel <v3.8m> and hyphenation patterns for english, afrikaans, ancientgreek, ar
abic, armenian, assamese, basque, bengali, bokmal, bulgarian, catalan, coptic, 
croatian, czech, danish, dutch, esperanto, estonian, farsi, finnish, french, ga
lician, german, german-x-2013-05-26, greek, gujarati, hindi, hungarian, iceland
ic, indonesian, interlingua, irish, italian, kannada, kurmanji, latin, latvian,
 lithuanian, malayalam, marathi, mongolian, mongolianlmc, monogreek, ngerman, n
german-x-2013-05-26, nynorsk, oriya, panjabi, pinyin, polish, portuguese, roman
ian, russian, sanskrit, serbian, slovak, slovenian, spanish, swedish, swissgerm
an, tamil, telugu, turkish, turkmen, ukenglish, ukrainian, uppersorbian, usengl
ishmax, welsh, loaded.
("C:\Program Files (x86)\MiKTeX 2.9\tex\latex\base\book.cls"
Document Class: book 2007/10/19 v1.4h Standard LaTeX document class
("C:\Program Files (x86)\MiKTeX 2.9\tex\latex\base\bk12.clo"
File: bk12.clo 2007/10/19 v1.4h Standard LaTeX file (size option)
)
\c@part=\count79
\c@chapter=\count80
\c@section=\count81
\c@subsection=\count82
\c@subsubsection=\count83
\c@paragraph=\count84
\c@subparagraph=\count85
\c@figure=\count86
\c@table=\count87
\abovecaptionskip=\skip41
\belowcaptionskip=\skip42
\bibindent=\dimen102
)
("C:\Program Files (x86)\MiKTeX 2.9\tex\latex\base\inputenc.sty"
Package: inputenc 2008/03/30 v1.1d Input encoding file
\inpenc@prehook=\toks14
\inpenc@posthook=\toks15

("C:\Program Files (x86)\MiKTeX 2.9\tex\latex\base\utf8.def"
File: utf8.def 2008/04/05 v1.1m UTF-8 support for inputenc
Now handling font encoding OML ...
... no UTF-8 mapping file for font encoding OML
Now handling font encoding T1 ...
... processing UTF-8 mapping file for font encoding T1

("C:\Program Files (x86)\MiKTeX 2.9\tex\latex\base\t1enc.dfu"
File: t1enc.dfu 2008/04/05 v1.1m UTF-8 support for inputenc
   defining Unicode char U+00A1 (decimal 161)
   defining Unicode char U+00A3 (decimal 163)
   defining Unicode char U+00AB (decimal 171)
   defining Unicode char U+00BB (decimal 187)
   defining Unicode char U+00BF (decimal 191)
   defining Unicode char U+00C0 (decimal 192)
   defining Unicode char U+00C1 (decimal 193)
   defining Unicode char U+00C2 (decimal 194)
   defining Unicode char U+00C3 (decimal 195)
   defining Unicode char U+00C4 (decimal 196)
   defining Unicode char U+00C5 (decimal 197)
   defining Unicode char U+00C6 (decimal 198)
   defining Unicode char U+00C7 (decimal 199)
   defining Unicode char U+00C8 (decimal 200)
   defining Unicode char U+00C9 (decimal 201)
   defining Unicode char U+00CA (decimal 202)
   defining Unicode char U+00CB (decimal 203)
   defining Unicode char U+00CC (decimal 204)
   defining Unicode char U+00CD (decimal 205)
   defining Unicode char U+00CE (decimal 206)
   defining Unicode char U+00CF (decimal 207)
   defining Unicode char U+00D0 (decimal 208)
   defining Unicode char U+00D1 (decimal 209)
   defining Unicode char U+00D2 (decimal 210)
   defining Unicode char U+00D3 (decimal 211)
   defining Unicode char U+00D4 (decimal 212)
   defining Unicode char U+00D5 (decimal 213)
   defining Unicode char U+00D6 (decimal 214)
   defining Unicode char U+00D8 (decimal 216)
   defining Unicode char U+00D9 (decimal 217)
   defining Unicode char U+00DA (decimal 218)
   defining Unicode char U+00DB (decimal 219)
   defining Unicode char U+00DC (decimal 220)
   defining Unicode char U+00DD (decimal 221)
   defining Unicode char U+00DE (decimal 222)
   defining Unicode char U+00DF (decimal 223)
   defining Unicode char U+00E0 (decimal 224)
   defining Unicode char U+00E1 (decimal 225)
   defining Unicode char U+00E2 (decimal 226)
   defining Unicode char U+00E3 (decimal 227)
   defining Unicode char U+00E4 (decimal 228)
   defining Unicode char U+00E5 (decimal 229)
   defining Unicode char U+00E6 (decimal 230)
   defining Unicode char U+00E7 (decimal 231)
   defining Unicode char U+00E8 (decimal 232)
   defining Unicode char U+00E9 (decimal 233)
   defining Unicode char U+00EA (decimal 234)
   defining Unicode char U+00EB (decimal 235)
   defining Unicode char U+00EC (decimal 236)
   defining Unicode char U+00ED (decimal 237)
   defining Unicode char U+00EE (decimal 238)
   defining Unicode char U+00EF (decimal 239)
   defining Unicode char U+00F0 (decimal 240)
   defining Unicode char U+00F1 (decimal 241)
   defining Unicode char U+00F2 (decimal 242)
   defining Unicode char U+00F3 (decimal 243)
   defining Unicode char U+00F4 (decimal 244)
   defining Unicode char U+00F5 (decimal 245)
   defining Unicode char U+00F6 (decimal 246)
   defining Unicode char U+00F8 (decimal 248)
   defining Unicode char U+00F9 (decimal 249)
   defining Unicode char U+00FA (decimal 250)
   defining Unicode char U+00FB (decimal 251)
   defining Unicode char U+00FC (decimal 252)
   defining Unicode char U+00FD (decimal 253)
   defining Unicode char U+00FE (decimal 254)
   defining Unicode char U+00FF (decimal 255)
   defining Unicode char U+0102 (decimal 258)
   defining Unicode char U+0103 (decimal 259)
   defining Unicode char U+0104 (decimal 260)
   defining Unicode char U+0105 (decimal 261)
   defining Unicode char U+0106 (decimal 262)
   defining Unicode char U+0107 (decimal 263)
   defining Unicode char U+010C (decimal 268)
   defining Unicode char U+010D (decimal 269)
   defining Unicode char U+010E (decimal 270)
   defining Unicode char U+010F (decimal 271)
   defining Unicode char U+0110 (decimal 272)
   defining Unicode char U+0111 (decimal 273)
   defining Unicode char U+0118 (decimal 280)
   defining Unicode char U+0119 (decimal 281)
   defining Unicode char U+011A (decimal 282)
   defining Unicode char U+011B (decimal 283)
   defining Unicode char U+011E (decimal 286)
   defining Unicode char U+011F (decimal 287)
   defining Unicode char U+0130 (decimal 304)
   defining Unicode char U+0131 (decimal 305)
   defining Unicode char U+0132 (decimal 306)
   defining Unicode char U+0133 (decimal 307)
   defining Unicode char U+0139 (decimal 313)
   defining Unicode char U+013A (decimal 314)
   defining Unicode char U+013D (decimal 317)
   defining Unicode char U+013E (decimal 318)
   defining Unicode char U+0141 (decimal 321)
   defining Unicode char U+0142 (decimal 322)
   defining Unicode char U+0143 (decimal 323)
   defining Unicode char U+0144 (decimal 324)
   defining Unicode char U+0147 (decimal 327)
   defining Unicode char U+0148 (decimal 328)
   defining Unicode char U+014A (decimal 330)
   defining Unicode char U+014B (decimal 331)
   defining Unicode char U+0150 (decimal 336)
   defining Unicode char U+0151 (decimal 337)
   defining Unicode char U+0152 (decimal 338)
   defining Unicode char U+0153 (decimal 339)
   defining Unicode char U+0154 (decimal 340)
   defining Unicode char U+0155 (decimal 341)
   defining Unicode char U+0158 (decimal 344)
   defining Unicode char U+0159 (decimal 345)
   defining Unicode char U+015A (decimal 346)
   defining Unicode char U+015B (decimal 347)
   defining Unicode char U+015E (decimal 350)
   defining Unicode char U+015F (decimal 351)
   defining Unicode char U+0160 (decimal 352)
   defining Unicode char U+0161 (decimal 353)
   defining Unicode char U+0162 (decimal 354)
   defining Unicode char U+0163 (decimal 355)
   defining Unicode char U+0164 (decimal 356)
   defining Unicode char U+0165 (decimal 357)
   defining Unicode char U+016E (decimal 366)
   defining Unicode char U+016F (decimal 367)
   defining Unicode char U+0170 (decimal 368)
   defining Unicode char U+0171 (decimal 369)
   defining Unicode char U+0178 (decimal 376)
   defining Unicode char U+0179 (decimal 377)
   defining Unicode char U+017A (decimal 378)
   defining Unicode char U+017B (decimal 379)
   defining Unicode char U+017C (decimal 380)
   defining Unicode char U+017D (decimal 381)
   defining Unicode char U+017E (decimal 382)
   defining Unicode char U+200C (decimal 8204)
   defining Unicode char U+2013 (decimal 8211)
   defining Unicode char U+2014 (decimal 8212)
   defining Unicode char U+2018 (decimal 8216)
   defining Unicode char U+2019 (decimal 8217)
   defining Unicode char U+201A (decimal 8218)
   defining Unicode char U+201C (decimal 8220)
   defining Unicode char U+201D (decimal 8221)
   defining Unicode char U+201E (decimal 8222)
   defining Unicode char U+2030 (decimal 8240)
   defining Unicode char U+2031 (decimal 8241)
   defining Unicode char U+2039 (decimal 8249)
   defining Unicode char U+203A (decimal 8250)
   defining Unicode char U+2423 (decimal 9251)
)
Now handling font encoding OT1 ...
... processing UTF-8 mapping file for font encoding OT1

("C:\Program Files (x86)\MiKTeX 2.9\tex\latex\base\ot1enc.dfu"
File: ot1enc.dfu 2008/04/05 v1.1m UTF-8 support for inputenc
   defining Unicode char U+00A1 (decimal 161)
   defining Unicode char U+00A3 (decimal 163)
   defining Unicode char U+00B8 (decimal 184)
   defining Unicode char U+00BF (decimal 191)
   defining Unicode char U+00C5 (decimal 197)
   defining Unicode char U+00C6 (decimal 198)
   defining Unicode char U+00D8 (decimal 216)
   defining Unicode char U+00DF (decimal 223)
   defining Unicode char U+00E6 (decimal 230)
   defining Unicode char U+00EC (decimal 236)
   defining Unicode char U+00ED (decimal 237)
   defining Unicode char U+00EE (decimal 238)
   defining Unicode char U+00EF (decimal 239)
   defining Unicode char U+00F8 (decimal 248)
   defining Unicode char U+0131 (decimal 305)
   defining Unicode char U+0141 (decimal 321)
   defining Unicode char U+0142 (decimal 322)
   defining Unicode char U+0152 (decimal 338)
   defining Unicode char U+0153 (decimal 339)
   defining Unicode char U+2013 (decimal 8211)
   defining Unicode char U+2014 (decimal 8212)
   defining Unicode char U+2018 (decimal 8216)
   defining Unicode char U+2019 (decimal 8217)
   defining Unicode char U+201C (decimal 8220)
   defining Unicode char U+201D (decimal 8221)
)
Now handling font encoding OMS ...
... processing UTF-8 mapping file for font encoding OMS

("C:\Program Files (x86)\MiKTeX 2.9\tex\latex\base\omsenc.dfu"
File: omsenc.dfu 2008/04/05 v1.1m UTF-8 support for inputenc
   defining Unicode char U+00A7 (decimal 167)
   defining Unicode char U+00B6 (decimal 182)
   defining Unicode char U+00B7 (decimal 183)
   defining Unicode char U+2020 (decimal 8224)
   defining Unicode char U+2021 (decimal 8225)
   defining Unicode char U+2022 (decimal 8226)
)
Now handling font encoding OMX ...
... no UTF-8 mapping file for font encoding OMX
Now handling font encoding U ...
... no UTF-8 mapping file for font encoding U
   defining Unicode char U+00A9 (decimal 169)
   defining Unicode char U+00AA (decimal 170)
   defining Unicode char U+00AE (decimal 174)
   defining Unicode char U+00BA (decimal 186)
   defining Unicode char U+02C6 (decimal 710)
   defining Unicode char U+02DC (decimal 732)
   defining Unicode char U+200C (decimal 8204)
   defining Unicode char U+2026 (decimal 8230)
   defining Unicode char U+2122 (decimal 8482)
   defining Unicode char U+2423 (decimal 9251)
))
("C:\Program Files (x86)\MiKTeX 2.9\tex\latex\biblatex\biblatex.sty"
Package: biblatex 2013/11/25 v2.8a programmable bibliographies (PK/JW/AB)


Package biblatex Warning: No "backend" specified, using Biber backend.
(biblatex)                To use BibTeX, load biblatex with 
(biblatex)                the "backend=bibtex" option.

("C:\Program Files (x86)\MiKTeX 2.9\tex\latex\biblatex\biblatex2.sty"
Package: biblatex2 2013/11/25 v2.8a programmable bibliographies (biber) (PK/JW/
AB)

("C:\Program Files (x86)\MiKTeX 2.9\tex\latex\etoolbox\etoolbox.sty"
Package: etoolbox 2011/01/03 v2.1 e-TeX tools for LaTeX

("C:\Program Files (x86)\MiKTeX 2.9\tex\latex\misc\etex.sty"
Package: etex 1998/03/26 v2.0 eTeX basic definition package (PEB)
\et@xins=\count88
)
\etb@tempcnta=\count89
)
("C:\Program Files (x86)\MiKTeX 2.9\tex\latex\graphics\keyval.sty"
Package: keyval 1999/03/16 v1.13 key=value parser (DPC)
\KV@toks@=\toks16
)
("C:\Program Files (x86)\MiKTeX 2.9\tex\latex\oberdiek\kvoptions.sty"
Package: kvoptions 2011/06/30 v3.11 Key value format for package options (HO)

("C:\Program Files (x86)\MiKTeX 2.9\tex\generic\oberdiek\ltxcmds.sty"
Package: ltxcmds 2011/11/09 v1.22 LaTeX kernel commands for general use (HO)
)
("C:\Program Files (x86)\MiKTeX 2.9\tex\generic\oberdiek\kvsetkeys.sty"
Package: kvsetkeys 2012/04/25 v1.16 Key value parser (HO)

("C:\Program Files (x86)\MiKTeX 2.9\tex\generic\oberdiek\infwarerr.sty"
Package: infwarerr 2010/04/08 v1.3 Providing info/warning/error messages (HO)
)
("C:\Program Files (x86)\MiKTeX 2.9\tex\generic\oberdiek\etexcmds.sty"
Package: etexcmds 2011/02/16 v1.5 Avoid name clashes with e-TeX commands (HO)

("C:\Program Files (x86)\MiKTeX 2.9\tex\generic\oberdiek\ifluatex.sty"
Package: ifluatex 2010/03/01 v1.3 Provides the ifluatex switch (HO)
Package ifluatex Info: LuaTeX not detected.
)
Package etexcmds Info: Could not find \expanded.
(etexcmds)             That can mean that you are not using pdfTeX 1.50 or
(etexcmds)             that some package has redefined \expanded.
(etexcmds)             In the latter case, load this package earlier.
)))
("C:\Program Files (x86)\MiKTeX 2.9\tex\latex\logreq\logreq.sty"
Package: logreq 2010/08/04 v1.0 xml request logger
\lrq@indent=\count90

("C:\Program Files (x86)\MiKTeX 2.9\tex\latex\logreq\logreq.def"
File: logreq.def 2010/08/04 v1.0 logreq spec v1.0
))
("C:\Program Files (x86)\MiKTeX 2.9\tex\latex\base\ifthen.sty"
Package: ifthen 2001/05/26 v1.1c Standard LaTeX ifthen package (DPC)
)
("C:\Program Files (x86)\MiKTeX 2.9\tex\latex\url\url.sty"
\Urlmuskip=\muskip10
Package: url 2013/09/16  ver 3.4  Verb mode for urls, etc.
)
\c@tabx@nest=\count91
\c@listtotal=\count92
\c@listcount=\count93
\c@liststart=\count94
\c@liststop=\count95
\c@citecount=\count96
\c@citetotal=\count97
\c@multicitecount=\count98
\c@multicitetotal=\count99
\c@instcount=\count100
\c@maxnames=\count101
\c@minnames=\count102
\c@maxitems=\count103
\c@minitems=\count104
\c@citecounter=\count105
\c@savedcitecounter=\count106
\c@uniquelist=\count107
\c@uniquename=\count108
\c@refsection=\count109
\c@refsegment=\count110
\c@maxextratitle=\count111
\c@maxextratitleyear=\count112
\c@maxextrayear=\count113
\c@maxextraalpha=\count114
\c@abbrvpenalty=\count115
\c@highnamepenalty=\count116
\c@lownamepenalty=\count117
\c@maxparens=\count118
\c@parenlevel=\count119
\blx@tempcnta=\count120
\blx@tempcntb=\count121
\blx@tempcntc=\count122
\blx@maxsection=\count123
\blx@maxsegment@0=\count124
\blx@notetype=\count125
\blx@parenlevel@text=\count126
\blx@parenlevel@foot=\count127
\blx@sectionciteorder@0=\count128
\labelnumberwidth=\skip43
\labelalphawidth=\skip44
\shorthandwidth=\skip45
\biblabelsep=\skip46
\bibitemsep=\skip47
\bibnamesep=\skip48
\bibinitsep=\skip49
\bibparsep=\skip50
\bibhang=\skip51
\blx@bcfin=\read1
\blx@bcfout=\write3
\c@mincomprange=\count129
\c@maxcomprange=\count130
\c@mincompwidth=\count131
Package biblatex Info: Trying to load biblatex default data model...
Package biblatex Info: ... file 'blx-dm.def' found.

("C:\Program Files (x86)\MiKTeX 2.9\tex\latex\biblatex\blx-dm.def")
Package biblatex Info: Trying to load biblatex style data model...
Package biblatex Info: ... file 'oscola.dbx' not found.
Package biblatex Info: Trying to load biblatex custom data model...
Package biblatex Info: ... file 'biblatex-dm.cfg' not found.
\c@afterword=\count132
\c@savedafterword=\count133
\c@annotator=\count134
\c@savedannotator=\count135
\c@author=\count136
\c@savedauthor=\count137
\c@bookauthor=\count138
\c@savedbookauthor=\count139
\c@commentator=\count140
\c@savedcommentator=\count141
\c@editor=\count142
\c@savededitor=\count143
\c@editora=\count144
\c@savededitora=\count145
\c@editorb=\count146
\c@savededitorb=\count147
\c@editorc=\count148
\c@savededitorc=\count149
\c@foreword=\count150
\c@savedforeword=\count151
\c@holder=\count152
\c@savedholder=\count153
\c@introduction=\count154
\c@savedintroduction=\count155
\c@namea=\count156
\c@savednamea=\count157
\c@nameb=\count158
\c@savednameb=\count159
\c@namec=\count160
\c@savednamec=\count161
\c@shortauthor=\count162
\c@savedshortauthor=\count163
\c@shorteditor=\count164
\c@savedshorteditor=\count165
\c@translator=\count166
\c@savedtranslator=\count167
\c@labelname=\count168
\c@savedlabelname=\count169
\c@institution=\count170
\c@savedinstitution=\count171
\c@lista=\count172
\c@savedlista=\count173
\c@listb=\count174
\c@savedlistb=\count175
\c@listc=\count176
\c@savedlistc=\count177
\c@listd=\count178
\c@savedlistd=\count179
\c@liste=\count180
\c@savedliste=\count181
\c@listf=\count182
\c@savedlistf=\count183
\c@location=\count184
\c@savedlocation=\count185
\c@organization=\count186
\c@savedorganization=\count187
\c@origlocation=\count188
\c@savedoriglocation=\count189
\c@origpublisher=\count190
\c@savedorigpublisher=\count191
\c@publisher=\count192
\c@savedpublisher=\count193
\c@language=\count194
\c@savedlanguage=\count195
\c@pageref=\count196
\c@savedpageref=\count197
Package biblatex Info: Trying to load compatibility code...
Package biblatex Info: ... file 'blx-compat.def' found.

("C:\Program Files (x86)\MiKTeX 2.9\tex\latex\biblatex\blx-compat.def"
File: blx-compat.def 2013/11/25 v2.8a biblatex compatibility (PK/JW/AB)
)
Package biblatex Info: Trying to load generic definitions...
Package biblatex Info: ... file 'biblatex.def' found.

("C:\Program Files (x86)\MiKTeX 2.9\tex\latex\biblatex\biblatex.def"
File: biblatex.def 
\c@textcitecount=\count198
\c@textcitetotal=\count199
\c@textcitemaxnames=\count200
\c@biburlnumpenalty=\count201
\c@biburlucpenalty=\count202
\c@biburllcpenalty=\count203
\c@smartand=\count204
)
Package biblatex Info: Trying to load bibliography style 'oscola'...
Package biblatex Info: ... file 'oscola.bbx' found.

("C:\Users\SjurK\Desktop\economic-takings\Thesis Shell\oscola.bbx"
File: oscola.bbx 2014/05/22 v1.4 Biblatex bibliography style for OSCOLA standar
d
Package biblatex Info: Trying to load bibliography style 'authortitle'...
Package biblatex Info: ... file 'authortitle.bbx' found.

("C:\Program Files (x86)\MiKTeX 2.9\tex\latex\biblatex\bbx\authortitle.bbx"
File: authortitle.bbx 2013/11/25 v2.8a biblatex bibliography style (PK/JW/AB)
Package biblatex Info: Trying to load bibliography style 'standard'...
Package biblatex Info: ... file 'standard.bbx' found.

("C:\Program Files (x86)\MiKTeX 2.9\tex\latex\biblatex\bbx\standard.bbx"
File: standard.bbx 2013/11/25 v2.8a biblatex bibliography style (PK/JW/AB)
\c@bbx:relatedcount=\count205
\c@bbx:relatedtotal=\count206
))
\c@bbx@suppresspostnotedelim=\count207
\c@blx@tmpcnt=\count208
\c@bbx@legal@tempcounter=\count209
)
Package biblatex Info: Trying to load citation style 'oscola'...
Package biblatex Info: ... file 'oscola.cbx' found.

("C:\Users\SjurK\Desktop\economic-takings\Thesis Shell\oscola.cbx"
File: oscola.cbx 2014/05/22 v1.4 Biblatex citation style for OSCOLA standard
Package biblatex Info: Trying to load citation style 'verbose-inote'...
Package biblatex Info: ... file 'verbose-inote.cbx' found.

("C:\Program Files (x86)\MiKTeX 2.9\tex\latex\biblatex\cbx\verbose-inote.cbx"
File: verbose-inote.cbx 2013/11/25 v2.8a biblatex citation style (PK/JW/AB)
Package biblatex Info: Redefining '\cite'.
Package biblatex Info: Redefining '\parencite'.
Package biblatex Info: Redefining '\footcite'.
Package biblatex Info: Redefining '\footcitetext'.
Package biblatex Info: Redefining '\smartcite'.
Package biblatex Info: Redefining '\textcite'.
Package biblatex Info: Redefining '\textcites'.
)
\c@bbx@lastcitedc=\count210
Package biblatex Info: Redefining '\fullcite'.
Package biblatex Info: Redefining '\footfullcite'.
)
Package biblatex Info: Trying to load configuration file...
Package biblatex Info: ... file 'biblatex.cfg' found.
("C:\Program Files (x86)\MiKTeX 2.9\tex\latex\biblatex\biblatex.cfg"
File: biblatex.cfg 
)))
Package biblatex Info: Trying to load language 'english' -> 'english-oscola'...

Package biblatex Info: ... file 'english-oscola.lbx' found.

("C:\Users\SjurK\Desktop\economic-takings\Thesis Shell\english-oscola.lbx"
File: english-oscola.lbx 2014/05/22 v 1.4 Biblatex localisation file for OSCOLA
 citations
)
\@quotelevel=\count211
\@quotereset=\count212

No file Chapter1_and_2.aux.
LaTeX Font Info:    Checking defaults for OML/cmm/m/it on input line 18.
LaTeX Font Info:    ... okay on input line 18.
LaTeX Font Info:    Checking defaults for T1/cmr/m/n on input line 18.
LaTeX Font Info:    ... okay on input line 18.
LaTeX Font Info:    Checking defaults for OT1/cmr/m/n on input line 18.
LaTeX Font Info:    ... okay on input line 18.
LaTeX Font Info:    Checking defaults for OMS/cmsy/m/n on input line 18.
LaTeX Font Info:    ... okay on input line 18.
LaTeX Font Info:    Checking defaults for OMX/cmex/m/n on input line 18.
LaTeX Font Info:    ... okay on input line 18.
LaTeX Font Info:    Checking defaults for U/cmr/m/n on input line 18.
LaTeX Font Info:    ... okay on input line 18.
Package biblatex Info: Input encoding 'utf8' detected.
Package biblatex Info: Automatic encoding selection.
(biblatex)             Assuming data encoding 'utf8'.
Package biblatex Info: Trying to load bibliographic data...
Package biblatex Info: ... file 'Chapter1_and_2.bbl' found.
("C:\Users\SjurK\Desktop\economic-takings\Thesis Shell\Chapter1_and_2.bbl"

Package biblatex Warning: Biber reported the following issues
(biblatex)                with 'basic49':
(biblatex)                - Datamodel: Entry 'basic49' (thesis.bib): Invalid fo
rmat 'May 23, 1949' of date field 'date' - ignoring.


Package biblatex Warning: The following entry could not be found
(biblatex)                in the database:
(biblatex)                berman84
(biblatex)                Please verify the spelling and rerun
(biblatex)                LaTeX afterwards.

)
Package biblatex Info: Reference section=0 on input line 18.
Package biblatex Info: Reference segment=0 on input line 18.
LaTeX Font Info:    External font `cmex10' loaded for size
(Font)              <14.4> on input line 22.
LaTeX Font Info:    External font `cmex10' loaded for size
(Font)              <7> on input line 22.
 [1


{C:/Users/SjurK/AppData/Local/MiKTeX/2.9/pdftex/config/pdftex.map}]
[2

]
Chapter 1.
LaTeX Font Info:    External font `cmex10' loaded for size
(Font)              <12> on input line 27.
LaTeX Font Info:    External font `cmex10' loaded for size
(Font)              <8> on input line 27.
LaTeX Font Info:    External font `cmex10' loaded for size
(Font)              <6> on input line 27.
LaTeX Font Info:    External font `cmex10' loaded for size
(Font)              <5> on input line 27.

Underfull \hbox (badness 10000) in paragraph at lines 27--27
[][]\OT1/cmr/m/n/10 Donald Trump, see $http : / / www . theguardian . com / wor
ld / 2012 / jul / 10 /$
 []

[3] [4]

LaTeX Warning: Reference `cbx@2' on page 5 undefined on input line 46.

[5]
Underfull \hbox (badness 10000) in paragraph at lines 54--54
[][]\OT1/cmr/m/n/10 http://www.golf.com/courses-and-travel/donald-trump-scotlan
d-golf-course-lives-
 []

[6]
Underfull \hbox (badness 10000) in paragraph at lines 56--56
[][]\OT1/cmr/m/n/10 See http://www.theguardian.com/world/2008/nov/04/donald-tru
mp-scottish-golf-
 []


Overfull \hbox (93.33421pt too wide) in paragraph at lines 58--58
[][]\OT1/cmr/m/n/10 See $http : / / www . scotsman . com / news / donald-[]trum
p-[]s-[]plea-[]to-[]homeowners-[]on-[]the-[]menie-[]estate-[]1-[]1370270$.
 []


Underfull \hbox (badness 10000) in paragraph at lines 58--58
[][]\OT1/cmr/m/n/10 See http://www.scotsman.com/news/scotland/top-stories/farme
r-who-took-on-
 []

[7]
Underfull \hbox (badness 10000) in paragraph at lines 66--66
[][]\OT1/cmr/m/n/10 See http://news.stv.tv/north/224662-relief-for-residents-tr
ump-lifts-threat-of-
 []


Underfull \hbox (badness 10000) in paragraph at lines 66--66
[][]\OT1/cmr/m/n/10 See http://www.theguardian.com/world/2012/jul/10/donald-tru
mp-100m-golf-
 []

[8]
Underfull \hbox (badness 10000) in paragraph at lines 70--70
[][]\OT1/cmr/m/n/10 See http://www.theguardian.com/world/2012/jul/10/donald-tru
mp-100m-golf-
 []

[9]
Overfull \hbox (1.26677pt too wide) in paragraph at lines 78--79
[]\OT1/cmr/m/n/12 According to Trump and his sup-port-ers, pro-tect-ing prop-er
ty rights against
 []

[10]
Underfull \vbox (badness 1881) has occurred while \output is active []

 [11]
[12]

LaTeX Warning: Reference `cbx@25' on page 13 undefined on input line 101.


LaTeX Warning: Reference `cbx@37' on page 13 undefined on input line 101.


LaTeX Warning: Reference `cbx@36' on page 13 undefined on input line 103.

[13]

LaTeX Warning: Reference `cbx@38' on page 14 undefined on input line 105.


Package biblatex Warning: Nested notes on input line 109.


Package biblatex Warning: Nested notes on input line 109.


LaTeX Warning: Reference `cbx@36' on page 14 undefined on input line 109.

[14]

LaTeX Warning: Reference `cbx@37' on page 15 undefined on input line 116.


Underfull \vbox (badness 1127) has occurred while \output is active []

 [15]

LaTeX Warning: Reference `chap:2' on page 16 undefined on input line 118.


LaTeX Warning: Reference `sec:hop' on page 16 undefined on input line 118.

[16] [17] [18]
LaTeX Font Info:    Try loading font information for OMS+cmr on input line 139.

 ("C:\Program Files (x86)\MiKTeX 2.9\tex\latex\base\omscmr.fd"
File: omscmr.fd 1999/05/25 v2.5h Standard LaTeX font definitions
)
LaTeX Font Info:    Font shape `OMS/cmr/m/n' in size <12> not available
(Font)              Font shape `OMS/cmsy/m/n' tried instead on input line 139.


LaTeX Warning: Reference `cbx@18' on page 19 undefined on input line 139.


LaTeX Warning: Reference `sec:hf' on page 19 undefined on input line 146.

[19]

LaTeX Warning: Reference `cbx@14' on page 20 undefined on input line 150.


LaTeX Warning: Reference `cbx@13' on page 20 undefined on input line 150.


LaTeX Warning: Reference `sec:edt' on page 20 undefined on input line 152.


Underfull \vbox (badness 1552) has occurred while \output is active []

 [20]

LaTeX Warning: Reference `cbx@4' on page 21 undefined on input line 163.

[21] [22]

LaTeX Warning: Reference `cbx@69' on page 23 undefined on input line 171.


LaTeX Warning: Reference `cbx@14' on page 23 undefined on input line 173.


LaTeX Warning: Reference `cbx@66' on page 23 undefined on input line 173.


LaTeX Warning: Reference `cbx@14' on page 23 undefined on input line 173.


LaTeX Warning: Reference `chap:2' on page 23 undefined on input line 175.


LaTeX Warning: Reference `sec:germany' on page 23 undefined on input line 175.

[23]

LaTeX Warning: Reference `cbx@13' on page 24 undefined on input line 179.


Underfull \vbox (badness 1881) has occurred while \output is active []

 [24]

LaTeX Warning: Reference `sec:dts' on page 25 undefined on input line 185.

[25]

LaTeX Warning: Reference `cbx@73' on page 26 undefined on input line 191.

[26]
Underfull \vbox (badness 10000) has occurred while \output is active []

 [27]

Package biblatex Warning: No driver for entry type 'artile'.
(biblatex)                Using fallback driver on input line 203.

[28] [29]

LaTeX Warning: Reference `cbx@72' on page 30 undefined on input line 212.


LaTeX Warning: Reference `cbx@90' on page 30 undefined on input line 212.


LaTeX Warning: Reference `cbx@73' on page 30 undefined on input line 212.


LaTeX Warning: Reference `cbx@80' on page 30 undefined on input line 212.

[30] [31]

LaTeX Warning: Reference `cbx@73' on page 32 undefined on input line 226.


LaTeX Warning: Reference `cbx@72' on page 32 undefined on input line 226.

[32]

LaTeX Warning: Reference `cbx@23' on page 33 undefined on input line 234.


LaTeX Warning: Reference `cbx@90' on page 33 undefined on input line 234.


Underfull \vbox (badness 3590) has occurred while \output is active []

 [33]

LaTeX Warning: Reference `cbx@69' on page 34 undefined on input line 240.


LaTeX Warning: Reference `cbx@99' on page 34 undefined on input line 240.

[34]

LaTeX Warning: Reference `cbx@109' on page 35 undefined on input line 242.

[35] [36]

LaTeX Warning: Reference `cbx@90' on page 37 undefined on input line 257.


Underfull \vbox (badness 10000) has occurred while \output is active []

 [37]
[38]

LaTeX Warning: Reference `cbx@73' on page 39 undefined on input line 275.


LaTeX Warning: Reference `cbx@101' on page 39 undefined on input line 277.


LaTeX Warning: Reference `cbx@110' on page 39 undefined on input line 277.


Overfull \hbox (9.88335pt too wide) in paragraph at lines 277--278
[]\OT1/cmr/m/n/12 Hence, there is cer-tainly po-ten-tial for mak-ing wide-reach
ing socio-normative
 []


LaTeX Warning: Reference `cbx@101' on page 39 undefined on input line 279.

[39]

LaTeX Warning: Reference `cbx@110' on page 40 undefined on input line 281.


LaTeX Warning: Reference `cbx@69' on page 40 undefined on input line 281.


LaTeX Warning: Reference `cbx@73' on page 40 undefined on input line 281.


LaTeX Warning: Reference `cbx@69' on page 40 undefined on input line 281.

[40] [41]

LaTeX Warning: Reference `cbx@69' on page 42 undefined on input line 293.


LaTeX Warning: Reference `cbx@69' on page 42 undefined on input line 297.


Underfull \vbox (badness 1127) has occurred while \output is active []

 [42]

LaTeX Warning: Reference `cbx@110' on page 43 undefined on input line 312.

[43]

LaTeX Warning: Reference `cbx@110' on page 44 undefined on input line 318.

[44] [45]

LaTeX Warning: Reference `cbx@73' on page 46 undefined on input line 334.


LaTeX Warning: Reference `cbx@73' on page 46 undefined on input line 339.

[46] [47] [48] [49]

LaTeX Warning: Reference `cbx@8' on page 50 undefined on input line 366.


Underfull \vbox (badness 10000) has occurred while \output is active []

 [50]

LaTeX Warning: Reference `chap:2' on page 51 undefined on input line 370.


LaTeX Warning: Reference `sec:contrast' on page 51 undefined on input line 370.



LaTeX Warning: Reference `chap:2' on page 51 undefined on input line 370.


LaTeX Warning: Reference `sec:us' on page 51 undefined on input line 370.


LaTeX Warning: Reference `sec:norexp' on page 51 undefined on input line 370.

[51]

LaTeX Warning: Reference `chap:2' on page 52 undefined on input line 378.


LaTeX Warning: Reference `sec:hop' on page 52 undefined on input line 378.


LaTeX Warning: Reference `cbx@8' on page 52 undefined on input line 378.


LaTeX Warning: Reference `cbx@10' on page 52 undefined on input line 378.


Underfull \vbox (badness 4254) has occurred while \output is active []

 [52]

LaTeX Warning: Reference `cbx@164' on page 53 undefined on input line 382.


LaTeX Warning: Reference `cbx@163' on page 53 undefined on input line 382.


LaTeX Warning: Reference `cbx@164' on page 53 undefined on input line 384.


LaTeX Warning: Reference `chap:2' on page 53 undefined on input line 384.


LaTeX Warning: Reference `sec:hop' on page 53 undefined on input line 384.


LaTeX Warning: Reference `cbx@163' on page 53 undefined on input line 384.


LaTeX Warning: Reference `chap:2' on page 53 undefined on input line 384.


LaTeX Warning: Reference `sec:hop' on page 53 undefined on input line 384.


LaTeX Warning: Reference `cbx@173' on page 53 undefined on input line 386.


LaTeX Warning: Reference `cbx@173' on page 53 undefined on input line 386.


LaTeX Warning: Reference `cbx@159' on page 53 undefined on input line 386.


Underfull \vbox (badness 1132) has occurred while \output is active []

 [53]

LaTeX Warning: Reference `cbx@8' on page 54 undefined on input line 388.


LaTeX Warning: Reference `cbx@10' on page 54 undefined on input line 388.

[54]

LaTeX Warning: Reference `cbx@187' on page 55 undefined on input line 392.


LaTeX Warning: Reference `cbx@6' on page 55 undefined on input line 392.


LaTeX Warning: Reference `cbx@160' on page 55 undefined on input line 392.


LaTeX Warning: Reference `cbx@5' on page 55 undefined on input line 392.


LaTeX Warning: Reference `cbx@187' on page 55 undefined on input line 394.


LaTeX Warning: Reference `cbx@8' on page 55 undefined on input line 394.

[55] [56]

LaTeX Warning: Reference `cbx@187' on page 57 undefined on input line 408.

[57]

LaTeX Warning: Reference `cbx@157' on page 58 undefined on input line 414.

[58] [59] [60] [61] [62

]
Chapter 2.

Underfull \vbox (badness 10000) has occurred while \output is active []

 [63]

LaTeX Warning: Reference `cbx@23' on page 64 undefined on input line 458.

[64]
Overfull \hbox (69.65373pt too wide) has occurred while \output is active
\OT1/cmr/m/sl/12 2.2.  THE ``UNDERSCRUTINIZED'' LANGUAGE OF ECONOMIC DEVELOPMEN
T \OT1/cmr/m/n/12 65
 []

[65] [66]

LaTeX Warning: Reference `sec:ir' on page 67 undefined on input line 490.


LaTeX Warning: Reference `cbx@82' on page 67 undefined on input line 498.

[67]

LaTeX Warning: Reference `cbx@82' on page 68 undefined on input line 502.

[68] [69]

LaTeX Warning: Reference `cbx@219' on page 70 undefined on input line 516.


LaTeX Warning: Reference `cbx@219' on page 70 undefined on input line 516.


LaTeX Warning: Reference `chap:5' on page 70 undefined on input line 520.

[70] [71]

LaTeX Warning: Reference `cbx@232' on page 72 undefined on input line 540.

[72]

LaTeX Warning: Reference `cbx@238' on page 73 undefined on input line 549.

[73]
Underfull \vbox (badness 1552) has occurred while \output is active []

 [74]

LaTeX Warning: Reference `cbx@247' on page 75 undefined on input line 563.

[75]

LaTeX Warning: Reference `cbx@23' on page 76 undefined on input line 573.

[76] [77] [78]

LaTeX Warning: Reference `cbx@79' on page 79 undefined on input line 601.

[79]

LaTeX Warning: Reference `cbx@238' on page 80 undefined on input line 608.


Package biblatex Warning: Nested notes on input line 608.


LaTeX Warning: Reference `chap:1' on page 80 undefined on input line 612.

[80]
Overfull \hbox (12.13776pt too wide) in paragraph at lines 616--616
[]\OT1/cmr/bx/n/17.28 The Prop-erty Clause in the Eu-ro-pean Con-
 []


LaTeX Warning: Reference `cbx@275' on page 81 undefined on input line 618.


LaTeX Warning: Reference `cbx@82' on page 81 undefined on input line 618.


LaTeX Warning: Reference `cbx@80' on page 81 undefined on input line 618.


Overfull \hbox (107.89952pt too wide) has occurred while \output is active
\OT1/cmr/m/sl/12 2.4.  THE PROPERTY CLAUSE IN THE EUROPEAN CONVENTION OF HUMAN 
RIGHTS \OT1/cmr/m/n/12 81
 []

[81] [82]
Underfull \vbox (badness 1708) has occurred while \output is active []


Overfull \hbox (107.89952pt too wide) has occurred while \output is active
\OT1/cmr/m/sl/12 2.4.  THE PROPERTY CLAUSE IN THE EUROPEAN CONVENTION OF HUMAN 
RIGHTS \OT1/cmr/m/n/12 83
 []

[83] [84]
Overfull \hbox (6.9942pt too wide) in paragraph at lines 639--640
\OT1/cmr/m/n/12 cause per-ceived im-bal-ances. As in \OT1/cmr/m/it/12 Hutten-Cz
apska v Poland Hutten-Czapska\OT1/cmr/m/n/12 ,[]
 []


Overfull \hbox (107.89952pt too wide) has occurred while \output is active
\OT1/cmr/m/sl/12 2.4.  THE PROPERTY CLAUSE IN THE EUROPEAN CONVENTION OF HUMAN 
RIGHTS \OT1/cmr/m/n/12 85
 []

[85]

LaTeX Warning: Reference `cbx@284' on page 86 undefined on input line 645.

[86]

LaTeX Warning: Reference `cbx@276' on page 87 undefined on input line 653.


LaTeX Warning: Reference `cbx@275' on page 87 undefined on input line 653.


LaTeX Warning: Reference `cbx@214' on page 87 undefined on input line 655.


LaTeX Warning: Reference `cbx@284' on page 87 undefined on input line 655.


LaTeX Warning: Reference `cbx@214' on page 87 undefined on input line 657.


Overfull \hbox (107.89952pt too wide) has occurred while \output is active
\OT1/cmr/m/sl/12 2.4.  THE PROPERTY CLAUSE IN THE EUROPEAN CONVENTION OF HUMAN 
RIGHTS \OT1/cmr/m/n/12 87
 []

[87]

LaTeX Warning: Reference `cbx@284' on page 88 undefined on input line 661.

[88]

LaTeX Warning: Reference `cbx@211' on page 89 undefined on input line 669.


LaTeX Warning: Reference `cbx@219' on page 89 undefined on input line 669.

[89]

LaTeX Warning: Reference `cbx@324' on page 90 undefined on input line 671.


LaTeX Warning: Reference `cbx@163' on page 90 undefined on input line 671.


LaTeX Warning: Reference `cbx@176' on page 90 undefined on input line 671.

[90]

LaTeX Warning: Reference `sec:england' on page 91 undefined on input line 679.


LaTeX Warning: Reference `cbx@42' on page 91 undefined on input line 679.


LaTeX Warning: Reference `cbx@332' on page 91 undefined on input line 679.


LaTeX Warning: Reference `cbx@42' on page 91 undefined on input line 681.


LaTeX Warning: Reference `cbx@332' on page 91 undefined on input line 681.


Underfull \vbox (badness 5592) has occurred while \output is active []

 [91]
[92]

LaTeX Warning: Reference `cbx@342' on page 93 undefined on input line 694.


LaTeX Warning: Reference `cbx@332' on page 93 undefined on input line 694.

[93]

LaTeX Warning: Reference `cbx@323' on page 94 undefined on input line 700.


LaTeX Warning: Reference `cbx@352' on page 94 undefined on input line 700.


Package biblatex Warning: Nested notes on input line 700.


LaTeX Warning: Reference `cbx@323' on page 94 undefined on input line 700.


LaTeX Warning: Reference `cbx@153' on page 94 undefined on input line 700.


LaTeX Warning: Reference `cbx@342' on page 94 undefined on input line 700.

[94]
LaTeX Font Info:    Font shape `OMS/cmr/m/n' in size <10> not available
(Font)              Font shape `OMS/cmsy/m/n' tried instead on input line 708.


LaTeX Warning: Reference `cbx@364' on page 95 undefined on input line 711.

[95] [96]

LaTeX Warning: Reference `cbx@358' on page 97 undefined on input line 724.


Underfull \vbox (badness 6842) has occurred while \output is active []

 [97]

LaTeX Warning: Reference `cbx@354' on page 98 undefined on input line 728.


LaTeX Warning: Reference `cbx@153' on page 98 undefined on input line 728.


LaTeX Warning: Reference `cbx@342' on page 98 undefined on input line 728.

[98]

LaTeX Warning: Reference `cbx@342' on page 99 undefined on input line 734.


LaTeX Warning: Reference `cbx@320' on page 99 undefined on input line 734.


LaTeX Warning: Reference `cbx@332' on page 99 undefined on input line 734.


LaTeX Warning: Reference `cbx@350' on page 99 undefined on input line 734.


LaTeX Warning: Reference `cbx@349' on page 99 undefined on input line 736.

[99] [100]

LaTeX Warning: Reference `cbx@170' on page 101 undefined on input line 743.


LaTeX Warning: Reference `cbx@325' on page 101 undefined on input line 749.

[101]

LaTeX Warning: Reference `cbx@324' on page 102 undefined on input line 755.


LaTeX Warning: Reference `cbx@324' on page 102 undefined on input line 761.

[102]

LaTeX Warning: Reference `cbx@325' on page 103 undefined on input line 763.


LaTeX Warning: Reference `cbx@170' on page 103 undefined on input line 765.


LaTeX Warning: Reference `cbx@325' on page 103 undefined on input line 765.

[103]

LaTeX Warning: Reference `cbx@163' on page 104 undefined on input line 767.


LaTeX Warning: Reference `cbx@169' on page 104 undefined on input line 767.


LaTeX Warning: Reference `cbx@164' on page 104 undefined on input line 767.


LaTeX Warning: Reference `cbx@163' on page 104 undefined on input line 768.


LaTeX Warning: Reference `cbx@164' on page 104 undefined on input line 770.

[104]

LaTeX Warning: Reference `cbx@161' on page 105 undefined on input line 774.

[105]

LaTeX Warning: Reference `cbx@173' on page 106 undefined on input line 776.


LaTeX Warning: Reference `cbx@176' on page 106 undefined on input line 776.

[106]
Overfull \hbox (0.33775pt too wide) in paragraph at lines 782--782
[]\OT1/cmr/bx/n/17.28 Economic de-vel-op-ment tak-ings af-ter Kelo 
 []


LaTeX Warning: Reference `cbx@9' on page 107 undefined on input line 784.


LaTeX Warning: Reference `cbx@10' on page 107 undefined on input line 784.


LaTeX Warning: Reference `cbx@9' on page 107 undefined on input line 786.


LaTeX Warning: Reference `cbx@9' on page 107 undefined on input line 788.


LaTeX Warning: Reference `cbx@10' on page 107 undefined on input line 789.

[107]

LaTeX Warning: Reference `cbx@10' on page 108 undefined on input line 795.

[108]

LaTeX Warning: Reference `cbx@329' on page 109 undefined on input line 834.


LaTeX Warning: Reference `cbx@330' on page 109 undefined on input line 834.


Overfull \hbox (5.61537pt too wide) has occurred while \output is active
\OT1/cmr/m/sl/12 2.8.  INSTITUTIONAL PROPOSALS FOR INCREASED LEGITIMACY \OT1/cm
r/m/n/12 109
 []

[109]

LaTeX Warning: Reference `cbx@426' on page 110 undefined on input line 840.


LaTeX Warning: Reference `cbx@52' on page 110 undefined on input line 840.

[110]

LaTeX Warning: Reference `cbx@329' on page 111 undefined on input line 842.


LaTeX Warning: Reference `cbx@161' on page 111 undefined on input line 844.


LaTeX Warning: Reference `cbx@426' on page 111 undefined on input line 844.


Underfull \vbox (badness 1708) has occurred while \output is active []


Overfull \hbox (5.61537pt too wide) has occurred while \output is active
\OT1/cmr/m/sl/12 2.8.  INSTITUTIONAL PROPOSALS FOR INCREASED LEGITIMACY \OT1/cm
r/m/n/12 111
 []

[111]

LaTeX Warning: Reference `cbx@329' on page 112 undefined on input line 846.

[112]

LaTeX Warning: Reference `cbx@329' on page 113 undefined on input line 854.


Underfull \vbox (badness 1742) has occurred while \output is active []


Overfull \hbox (5.61537pt too wide) has occurred while \output is active
\OT1/cmr/m/sl/12 2.8.  INSTITUTIONAL PROPOSALS FOR INCREASED LEGITIMACY \OT1/cm
r/m/n/12 113
 []

[113] [114]

LaTeX Warning: Reference `cbx@329' on page 115 undefined on input line 864.


Overfull \hbox (5.61537pt too wide) has occurred while \output is active
\OT1/cmr/m/sl/12 2.8.  INSTITUTIONAL PROPOSALS FOR INCREASED LEGITIMACY \OT1/cm
r/m/n/12 115
 []

[115] [116]

LaTeX Warning: Reference `cbx@330' on page 117 undefined on input line 876.


Overfull \hbox (5.61537pt too wide) has occurred while \output is active
\OT1/cmr/m/sl/12 2.8.  INSTITUTIONAL PROPOSALS FOR INCREASED LEGITIMACY \OT1/cm
r/m/n/12 117
 []

[117] [118]

LaTeX Warning: Reference `cbx@330' on page 119 undefined on input line 886.


Underfull \vbox (badness 1005) has occurred while \output is active []


Overfull \hbox (5.61537pt too wide) has occurred while \output is active
\OT1/cmr/m/sl/12 2.8.  INSTITUTIONAL PROPOSALS FOR INCREASED LEGITIMACY \OT1/cm
r/m/n/12 119
 []

[119] [120]
Overfull \hbox (5.61537pt too wide) has occurred while \output is active
\OT1/cmr/m/sl/12 2.8.  INSTITUTIONAL PROPOSALS FOR INCREASED LEGITIMACY \OT1/cm
r/m/n/12 121
 []

[121] [122]

LaTeX Warning: Reference `cbx@163' on page 123 undefined on input line 912.


Underfull \vbox (badness 2065) has occurred while \output is active []

 [123]

LaTeX Warning: Reference `chap:5' on page 124 undefined on input line 920.

[124]

LaTeX Warning: Reference `chap:6' on page 125 undefined on input line 926.

[125] [126

] [127] [128]
Overfull \hbox (7.30675pt too wide) in paragraph at lines 931--931
[][]\OT1/cmr/m/n/12 Claeys ER, ``Public-use lim-i-ta-tions and nat-u-ral prop-e
rty rights'' (2004) 2004(4)
 []


Package biblatex Warning: No driver for entry type 'artile'.
(biblatex)                Using fallback driver on input line 930.


Overfull \hbox (2.67183pt too wide) in paragraph at lines 931--931
[][][]\OT1/cmr/m/n/12 ``Expropriatory Com-pen-sa-tion, Dis-tribu-tive Jus-tice,
 and the Rule of Law'',
 []

[129]
Overfull \hbox (27.64214pt too wide) in paragraph at lines 931--931
[][]\OT1/cmr/m/n/12 Hoppit J, ``Com-pul-sion, Com-pen-sa-tion and Prop-erty Rig
hts in Britain, 1688{1833''
 []

[130] [131] [132] [133] [134] [135]
("C:\Users\SjurK\Desktop\economic-takings\Thesis Shell\Chapter1_and_2.aux")

LaTeX Warning: There were undefined references.


LaTeX Warning: Label(s) may have changed. Rerun to get cross-references right.


Package biblatex Warning: Please (re)run Biber on the file:
(biblatex)                Chapter1_and_2
(biblatex)                and rerun LaTeX afterwards.

Package logreq Info: Writing requests to 'Chapter1_and_2.run.xml'.
 ) 
Here is how much of TeX's memory you used:
 7298 strings out of 493921
 123543 string characters out of 3144876
 565367 words of memory out of 3000000
 10554 multiletter control sequences out of 15000+200000
 10767 words of font info for 37 fonts, out of 3000000 for 9000
 841 hyphenation exceptions out of 8191
 44i,8n,67p,2872b,1307s stack positions out of 5000i,500n,10000p,200000b,50000s
<C:/Program Files (x86)/MiKTeX 2.9/fonts/type1/public/amsfonts/cm/cmbx10.pfb>
<C:/Program Files (x86)/MiKTeX 2.9/fonts/type1/public/amsfonts/cm/cmbx12.pfb><C
:/Program Files (x86)/MiKTeX 2.9/fonts/type1/public/amsfonts/cm/cmr10.pfb><C:/P
rogram Files (x86)/MiKTeX 2.9/fonts/type1/public/amsfonts/cm/cmr12.pfb><C:/Prog
ram Files (x86)/MiKTeX 2.9/fonts/type1/public/amsfonts/cm/cmr17.pfb><C:/Program
 Files (x86)/MiKTeX 2.9/fonts/type1/public/amsfonts/cm/cmr7.pfb><C:/Program Fil
es (x86)/MiKTeX 2.9/fonts/type1/public/amsfonts/cm/cmr8.pfb><C:/Program Files (
x86)/MiKTeX 2.9/fonts/type1/public/amsfonts/cm/cmsl12.pfb><C:/Program Files (x8
6)/MiKTeX 2.9/fonts/type1/public/amsfonts/cm/cmsy10.pfb><C:/Program Files (x86)
/MiKTeX 2.9/fonts/type1/public/amsfonts/cm/cmti10.pfb><C:/Program Files (x86)/M
iKTeX 2.9/fonts/type1/public/amsfonts/cm/cmti12.pfb>
Output written on Chapter1_and_2.pdf (135 pages, 607753 bytes).
PDF statistics:
 479 PDF objects out of 1000 (max. 8388607)
 0 named destinations out of 1000 (max. 500000)
 1 words of extra memory for PDF output out of 10000 (max. 10000000)

