This is pdfTeX, Version 3.1415926-2.5-1.40.14 (MiKTeX 2.9) (preloaded format=pdflatex 2014.4.29)  17 MAY 2014 18:43
entering extended mode
**oscola
("C:\Users\SjurK\Desktop\Law_PhD\Thesis Shell\Classes\oscola.tex"
LaTeX2e <2011/06/27>
Babel <v3.8m> and hyphenation patterns for english, afrikaans, ancientgreek, ar
abic, armenian, assamese, basque, bengali, bokmal, bulgarian, catalan, coptic, 
croatian, czech, danish, dutch, esperanto, estonian, farsi, finnish, french, ga
lician, german, german-x-2013-05-26, greek, gujarati, hindi, hungarian, iceland
ic, indonesian, interlingua, irish, italian, kannada, kurmanji, latin, latvian,
 lithuanian, malayalam, marathi, mongolian, mongolianlmc, monogreek, ngerman, n
german-x-2013-05-26, nynorsk, oriya, panjabi, pinyin, polish, portuguese, roman
ian, russian, sanskrit, serbian, slovak, slovenian, spanish, swedish, swissgerm
an, tamil, telugu, turkish, turkmen, ukenglish, ukrainian, uppersorbian, usengl
ishmax, welsh, loaded.
("C:\Program Files (x86)\MiKTeX 2.9\tex\latex\koma-script\scrartcl.cls"
Document Class: scrartcl 2013/12/19 v3.12 KOMA-Script document class (article)
("C:\Program Files (x86)\MiKTeX 2.9\tex\latex\koma-script\scrkbase.sty"
Package: scrkbase 2013/12/19 v3.12 KOMA-Script package (KOMA-Script-dependent b
asics and keyval usage)

("C:\Program Files (x86)\MiKTeX 2.9\tex\latex\koma-script\scrbase.sty"
Package: scrbase 2013/12/19 v3.12 KOMA-Script package (KOMA-Script-independent 
basics and keyval usage)

("C:\Program Files (x86)\MiKTeX 2.9\tex\latex\graphics\keyval.sty"
Package: keyval 1999/03/16 v1.13 key=value parser (DPC)
\KV@toks@=\toks14
)
("C:\Program Files (x86)\MiKTeX 2.9\tex\latex\koma-script\scrlfile.sty"
Package: scrlfile 2013/12/19 v3.12 KOMA-Script package (loading files)

Package scrlfile, 2013/12/19 v3.12 KOMA-Script package (loading files)
                  Copyright (C) Markus Kohm

))) ("C:\Program Files (x86)\MiKTeX 2.9\tex\latex\koma-script\tocbasic.sty"
Package: tocbasic 2013/12/19 v3.12 KOMA-Script package (handling toc-files)
)
Package tocbasic Info: omitting babel extension for `toc'
(tocbasic)             because of feature `nobabel' available
(tocbasic)             for `toc' on input line 115.
Package tocbasic Info: omitting babel extension for `lof'
(tocbasic)             because of feature `nobabel' available
(tocbasic)             for `lof' on input line 116.
Package tocbasic Info: omitting babel extension for `lot'
(tocbasic)             because of feature `nobabel' available
(tocbasic)             for `lot' on input line 117.
Package scrartcl Info: You've used standard option `11pt'.
(scrartcl)             This is correct!
(scrartcl)             Internally I'm using `fontsize=11pt'.
(scrartcl)             If you'd like to set the option with \KOMAoptions,
(scrartcl)             you'd have to use `fontsize=11pt' there
(scrartcl)             instead of `11pt', too.
Class scrartcl Info: File `scrsize11pt.clo' used to setup font sizes on input l
ine 1531.

("C:\Program Files (x86)\MiKTeX 2.9\tex\latex\koma-script\scrsize11pt.clo"
File: scrsize11pt.clo 2013/12/19 v3.12 KOMA-Script font size class option (11pt
)
)
("C:\Program Files (x86)\MiKTeX 2.9\tex\latex\koma-script\typearea.sty"
Package: typearea 2013/12/19 v3.12 KOMA-Script package (type area)

Package typearea, 2013/12/19 v3.12 KOMA-Script package (type area)
                  Copyright (C) Frank Neukam, 1992-1994
                  Copyright (C) Markus Kohm, 1994-

\ta@bcor=\skip41
\ta@div=\count79
Package typearea Info: You've used standard option `a4paper'.
(typearea)             This is correct!
(typearea)             Internally I'm using `paper=a4'.
(typearea)             If you'd like to set the option with \KOMAoptions,
(typearea)             you'd have to use `paper=a4' there
(typearea)             instead of `a4paper', too.
\ta@hblk=\skip42
\ta@vblk=\skip43
\ta@temp=\skip44
\footheight=\skip45
DIV calculation for typearea with good linewidth.
Package typearea Info: These are the values describing the layout:
(typearea)             DIV  = 8
(typearea)             BCOR = 0.0pt
(typearea)             \paperwidth      = 597.50793pt
(typearea)              \textwidth      = 373.44246pt
(typearea)              DIV departure   = 0%
(typearea)              \evensidemargin = 39.76274pt
(typearea)              \oddsidemargin  = 39.76274pt
(typearea)             \paperheight     = 845.04694pt
(typearea)              \textheight     = 541.40024pt
(typearea)              \topmargin      = -4.03914pt
(typearea)              \headheight     = 17.0pt
(typearea)              \headsep        = 20.40001pt
(typearea)              \topskip        = 11.0pt
(typearea)              \footskip       = 47.6pt
(typearea)              \baselineskip   = 13.6pt
(typearea)              on input line 1330.
)
\c@part=\count80
\c@section=\count81
\c@subsection=\count82
\c@subsubsection=\count83
\c@paragraph=\count84
\c@subparagraph=\count85
\abovecaptionskip=\skip46
\belowcaptionskip=\skip47
\c@pti@nb@sid@b@x=\box26
\c@figure=\count86
\c@table=\count87
\bibindent=\dimen102
) ("C:\Program Files (x86)\MiKTeX 2.9\tex\latex\geometry\geometry.sty"
Package: geometry 2010/09/12 v5.6 Page Geometry

("C:\Program Files (x86)\MiKTeX 2.9\tex\generic\oberdiek\ifpdf.sty"
Package: ifpdf 2011/01/30 v2.3 Provides the ifpdf switch (HO)
Package ifpdf Info: pdfTeX in PDF mode is detected.
)
("C:\Program Files (x86)\MiKTeX 2.9\tex\generic\oberdiek\ifvtex.sty"
Package: ifvtex 2010/03/01 v1.5 Detect VTeX and its facilities (HO)
Package ifvtex Info: VTeX not detected.
)
("C:\Program Files (x86)\MiKTeX 2.9\tex\generic\ifxetex\ifxetex.sty"
Package: ifxetex 2010/09/12 v0.6 Provides ifxetex conditional
)
\Gm@cnth=\count88
\Gm@cntv=\count89
\c@Gm@tempcnt=\count90
\Gm@bindingoffset=\dimen103
\Gm@wd@mp=\dimen104
\Gm@odd@mp=\dimen105
\Gm@even@mp=\dimen106
\Gm@layoutwidth=\dimen107
\Gm@layoutheight=\dimen108
\Gm@layouthoffset=\dimen109
\Gm@layoutvoffset=\dimen110
\Gm@dimlist=\toks15

("C:\Program Files (x86)\MiKTeX 2.9\tex\latex\geometry\geometry.cfg"))
("C:\Program Files (x86)\MiKTeX 2.9\tex\latex\csquotes\csquotes.sty"
Package: csquotes 2011/10/22 v5.1d context-sensitive quotations

("C:\Program Files (x86)\MiKTeX 2.9\tex\latex\etoolbox\etoolbox.sty"
Package: etoolbox 2011/01/03 v2.1 e-TeX tools for LaTeX

("C:\Program Files (x86)\MiKTeX 2.9\tex\latex\misc\etex.sty"
Package: etex 1998/03/26 v2.0 eTeX basic definition package (PEB)
\et@xins=\count91
)
\etb@tempcnta=\count92
)
\csq@reset=\count93
\csq@gtype=\count94
\csq@glevel=\count95
\csq@qlevel=\count96
\csq@maxlvl=\count97
\csq@tshold=\count98
\csq@ltx@everypar=\toks16

("C:\Program Files (x86)\MiKTeX 2.9\tex\latex\csquotes\csquotes.def"
File: csquotes.def 2011/10/22 v5.1d csquotes generic definitions
)
Package csquotes Info: Trying to load configuration file 'csquotes.cfg'...
Package csquotes Info: ... configuration file loaded successfully.

("C:\Program Files (x86)\MiKTeX 2.9\tex\latex\csquotes\csquotes.cfg"
File: csquotes.cfg 
)
Package csquotes Info: Disabling multilingual quotes.
Package csquotes Info: Redefining alias 'default' -> 'british'.
)
("C:\Program Files (x86)\MiKTeX 2.9\tex\latex\base\fontenc.sty"
Package: fontenc 2005/09/27 v1.99g Standard LaTeX package

("C:\Program Files (x86)\MiKTeX 2.9\tex\latex\base\t1enc.def"
File: t1enc.def 2005/09/27 v1.99g Standard LaTeX file
LaTeX Font Info:    Redeclaring font encoding T1 on input line 43.
))
("C:\Program Files (x86)\MiKTeX 2.9\tex\latex\biblatex\biblatex.sty"
Package: biblatex 2013/11/25 v2.8a programmable bibliographies (PK/JW/AB)

("C:\Program Files (x86)\MiKTeX 2.9\tex\latex\biblatex\biblatex2.sty"
Package: biblatex2 2013/11/25 v2.8a programmable bibliographies (biber) (PK/JW/
AB)

("C:\Program Files (x86)\MiKTeX 2.9\tex\latex\oberdiek\kvoptions.sty"
Package: kvoptions 2011/06/30 v3.11 Key value format for package options (HO)

("C:\Program Files (x86)\MiKTeX 2.9\tex\generic\oberdiek\ltxcmds.sty"
Package: ltxcmds 2011/11/09 v1.22 LaTeX kernel commands for general use (HO)
)
("C:\Program Files (x86)\MiKTeX 2.9\tex\generic\oberdiek\kvsetkeys.sty"
Package: kvsetkeys 2012/04/25 v1.16 Key value parser (HO)

("C:\Program Files (x86)\MiKTeX 2.9\tex\generic\oberdiek\infwarerr.sty"
Package: infwarerr 2010/04/08 v1.3 Providing info/warning/error messages (HO)
)
("C:\Program Files (x86)\MiKTeX 2.9\tex\generic\oberdiek\etexcmds.sty"
Package: etexcmds 2011/02/16 v1.5 Avoid name clashes with e-TeX commands (HO)

("C:\Program Files (x86)\MiKTeX 2.9\tex\generic\oberdiek\ifluatex.sty"
Package: ifluatex 2010/03/01 v1.3 Provides the ifluatex switch (HO)
Package ifluatex Info: LuaTeX not detected.
)
Package etexcmds Info: Could not find \expanded.
(etexcmds)             That can mean that you are not using pdfTeX 1.50 or
(etexcmds)             that some package has redefined \expanded.
(etexcmds)             In the latter case, load this package earlier.
)))
("C:\Program Files (x86)\MiKTeX 2.9\tex\latex\logreq\logreq.sty"
Package: logreq 2010/08/04 v1.0 xml request logger
\lrq@indent=\count99

("C:\Program Files (x86)\MiKTeX 2.9\tex\latex\logreq\logreq.def"
File: logreq.def 2010/08/04 v1.0 logreq spec v1.0
))
("C:\Program Files (x86)\MiKTeX 2.9\tex\latex\base\ifthen.sty"
Package: ifthen 2001/05/26 v1.1c Standard LaTeX ifthen package (DPC)
)
("C:\Program Files (x86)\MiKTeX 2.9\tex\latex\url\url.sty"
\Urlmuskip=\muskip10
Package: url 2013/09/16  ver 3.4  Verb mode for urls, etc.
)
\c@tabx@nest=\count100
\c@listtotal=\count101
\c@listcount=\count102
\c@liststart=\count103
\c@liststop=\count104
\c@citecount=\count105
\c@citetotal=\count106
\c@multicitecount=\count107
\c@multicitetotal=\count108
\c@instcount=\count109
\c@maxnames=\count110
\c@minnames=\count111
\c@maxitems=\count112
\c@minitems=\count113
\c@citecounter=\count114
\c@savedcitecounter=\count115
\c@uniquelist=\count116
\c@uniquename=\count117
\c@refsection=\count118
\c@refsegment=\count119
\c@maxextratitle=\count120
\c@maxextratitleyear=\count121
\c@maxextrayear=\count122
\c@maxextraalpha=\count123
\c@abbrvpenalty=\count124
\c@highnamepenalty=\count125
\c@lownamepenalty=\count126
\c@maxparens=\count127
\c@parenlevel=\count128
\blx@tempcnta=\count129
\blx@tempcntb=\count130
\blx@tempcntc=\count131
\blx@maxsection=\count132
\blx@maxsegment@0=\count133
\blx@notetype=\count134
\blx@parenlevel@text=\count135
\blx@parenlevel@foot=\count136
\blx@sectionciteorder@0=\count137
\labelnumberwidth=\skip48
\labelalphawidth=\skip49
\shorthandwidth=\skip50
\biblabelsep=\skip51
\bibitemsep=\skip52
\bibnamesep=\skip53
\bibinitsep=\skip54
\bibparsep=\skip55
\bibhang=\skip56
\blx@bcfin=\read1
\blx@bcfout=\write3
\c@mincomprange=\count138
\c@maxcomprange=\count139
\c@mincompwidth=\count140
Package biblatex Info: Trying to load biblatex default data model...
Package biblatex Info: ... file 'blx-dm.def' found.

("C:\Program Files (x86)\MiKTeX 2.9\tex\latex\biblatex\blx-dm.def")
Package biblatex Info: Trying to load biblatex style data model...
Package biblatex Info: ... file 'oscola.dbx' not found.
Package biblatex Info: Trying to load biblatex custom data model...
Package biblatex Info: ... file 'biblatex-dm.cfg' not found.
\c@afterword=\count141
\c@savedafterword=\count142
\c@annotator=\count143
\c@savedannotator=\count144
\c@author=\count145
\c@savedauthor=\count146
\c@bookauthor=\count147
\c@savedbookauthor=\count148
\c@commentator=\count149
\c@savedcommentator=\count150
\c@editor=\count151
\c@savededitor=\count152
\c@editora=\count153
\c@savededitora=\count154
\c@editorb=\count155
\c@savededitorb=\count156
\c@editorc=\count157
\c@savededitorc=\count158
\c@foreword=\count159
\c@savedforeword=\count160
\c@holder=\count161
\c@savedholder=\count162
\c@introduction=\count163
\c@savedintroduction=\count164
\c@namea=\count165
\c@savednamea=\count166
\c@nameb=\count167
\c@savednameb=\count168
\c@namec=\count169
\c@savednamec=\count170
\c@shortauthor=\count171
\c@savedshortauthor=\count172
\c@shorteditor=\count173
\c@savedshorteditor=\count174
\c@translator=\count175
\c@savedtranslator=\count176
\c@labelname=\count177
\c@savedlabelname=\count178
\c@institution=\count179
\c@savedinstitution=\count180
\c@lista=\count181
\c@savedlista=\count182
\c@listb=\count183
\c@savedlistb=\count184
\c@listc=\count185
\c@savedlistc=\count186
\c@listd=\count187
\c@savedlistd=\count188
\c@liste=\count189
\c@savedliste=\count190
\c@listf=\count191
\c@savedlistf=\count192
\c@location=\count193
\c@savedlocation=\count194
\c@organization=\count195
\c@savedorganization=\count196
\c@origlocation=\count197
\c@savedoriglocation=\count198
\c@origpublisher=\count199
\c@savedorigpublisher=\count200
\c@publisher=\count201
\c@savedpublisher=\count202
\c@language=\count203
\c@savedlanguage=\count204
\c@pageref=\count205
\c@savedpageref=\count206
Package biblatex Info: Trying to load compatibility code...
Package biblatex Info: ... file 'blx-compat.def' found.

("C:\Program Files (x86)\MiKTeX 2.9\tex\latex\biblatex\blx-compat.def"
File: blx-compat.def 2013/11/25 v2.8a biblatex compatibility (PK/JW/AB)
)
Package biblatex Info: Trying to load generic definitions...
Package biblatex Info: ... file 'biblatex.def' found.

("C:\Program Files (x86)\MiKTeX 2.9\tex\latex\biblatex\biblatex.def"
File: biblatex.def 
\c@textcitecount=\count207
\c@textcitetotal=\count208
\c@textcitemaxnames=\count209
\c@biburlnumpenalty=\count210
\c@biburlucpenalty=\count211
\c@biburllcpenalty=\count212
\c@smartand=\count213
)
Package biblatex Info: Trying to load bibliography style 'oscola'...
Package biblatex Info: ... file 'oscola.bbx' found.

("C:\Program Files (x86)\MiKTeX 2.9\tex\latex\oscola\oscola.bbx"
File: oscola.bbx 2013/05/23 v1.2 Biblatex bibliography style for OSCOLA standar
d
Package biblatex Info: Trying to load bibliography style 'authortitle'...
Package biblatex Info: ... file 'authortitle.bbx' found.

("C:\Program Files (x86)\MiKTeX 2.9\tex\latex\biblatex\bbx\authortitle.bbx"
File: authortitle.bbx 2013/11/25 v2.8a biblatex bibliography style (PK/JW/AB)
Package biblatex Info: Trying to load bibliography style 'standard'...
Package biblatex Info: ... file 'standard.bbx' found.

("C:\Program Files (x86)\MiKTeX 2.9\tex\latex\biblatex\bbx\standard.bbx"
File: standard.bbx 2013/11/25 v2.8a biblatex bibliography style (PK/JW/AB)
\c@bbx:relatedcount=\count214
\c@bbx:relatedtotal=\count215
))
\c@bbx@suppresspostnotedelim=\count216
\c@blx@tmpcnt=\count217
\c@bbx@legal@tempcounter=\count218
)
Package biblatex Info: Trying to load citation style 'oscola'...
Package biblatex Info: ... file 'oscola.cbx' found.

("C:\Users\SjurK\Desktop\Law_PhD\Thesis Shell\Classes\oscola.cbx"
File: oscola.cbx 2013/05/23 v1.2 Biblatex citation style for OSCOLA standard
Package biblatex Info: Trying to load citation style 'verbose-inote'...
Package biblatex Info: ... file 'verbose-inote.cbx' found.

("C:\Program Files (x86)\MiKTeX 2.9\tex\latex\biblatex\cbx\verbose-inote.cbx"
File: verbose-inote.cbx 2013/11/25 v2.8a biblatex citation style (PK/JW/AB)
Package biblatex Info: Redefining '\cite'.
Package biblatex Info: Redefining '\parencite'.
Package biblatex Info: Redefining '\footcite'.
Package biblatex Info: Redefining '\footcitetext'.
Package biblatex Info: Redefining '\smartcite'.
Package biblatex Info: Redefining '\textcite'.
Package biblatex Info: Redefining '\textcites'.
)
\c@bbx@lastcitedc=\count219
Package biblatex Info: Redefining '\fullcite'.
Package biblatex Info: Redefining '\footfullcite'.
Package biblatex Info: Redefining '\textcite'.
)
Package biblatex Info: Trying to load configuration file...
Package biblatex Info: ... file 'biblatex.cfg' found.
("C:\Program Files (x86)\MiKTeX 2.9\tex\latex\biblatex\biblatex.cfg"
File: biblatex.cfg 
)

Package biblatex Warning: 'babel' option is deprecated, use 'autolang' instead.


)) ("C:\Program Files (x86)\MiKTeX 2.9\tex\latex\imakeidx.sty"
Package: imakeidx 2013/07/11 v1.3a Package for typesetting indices in a synchro
nous mode

("C:\Program Files (x86)\MiKTeX 2.9\tex\latex\xkeyval\xkeyval.sty"
Package: xkeyval 2012/10/14 v2.6b package option processing (HA)

("C:\Program Files (x86)\MiKTeX 2.9\tex\generic\xkeyval\xkeyval.tex"
\XKV@toks=\toks17
\XKV@tempa@toks=\toks18
\XKV@depth=\count220
File: xkeyval.tex 2012/10/14 v2.6b key=value parser (HA)
))
("C:\Program Files (x86)\MiKTeX 2.9\tex\latex\xpatch\xpatch.sty"
("C:\Program Files (x86)\MiKTeX 2.9\tex\latex\l3kernel\expl3.sty"
Package: expl3 2014/05/06 v4751 L3 programming layer (loader) 

("C:\Program Files (x86)\MiKTeX 2.9\tex\latex\l3kernel\expl3-code.tex"
Package: expl3 2014/05/06 v4751 L3 programming layer (code) 
L3 Module: l3bootstrap 2014/05/06 v4750 L3 Bootstrap code
L3 Module: l3names 2014/05/04 v4728 L3 Namespace for primitives
L3 Module: l3basics 2014/05/04 v4728 L3 Basic definitions
L3 Module: l3expan 2014/04/30 v4712 L3 Argument expansion
L3 Module: l3tl 2014/05/04 v4728 L3 Token lists
L3 Module: l3seq 2014/04/30 v4712 L3 Sequences and stacks
L3 Module: l3int 2014/05/04 v4728 L3 Integers
Normal \count register pool exhausted, switching to extended pool.
\c_max_int=\count277
\l_tmpa_int=\count278
\l_tmpb_int=\count279
\g_tmpa_int=\count280
\g_tmpb_int=\count281
L3 Module: l3quark 2014/05/04 v4728 L3 Quarks
L3 Module: l3prg 2014/05/04 v4728 L3 Control structures
\g__prg_map_int=\count282
L3 Module: l3clist 2014/05/04 v4728 L3 Comma separated lists
L3 Module: l3token 2014/05/04 v4728 L3 Experimental token manipulation
L3 Module: l3prop 2014/04/30 v4712 L3 Property lists
L3 Module: l3msg 2014/05/04 v4728 L3 Messages
L3 Module: l3file 2014/05/05 v4737 L3 File and I/O operations
\l_iow_line_count_int=\count283
\l__iow_target_count_int=\count284
\l__iow_current_line_int=\count285
\l__iow_current_word_int=\count286
\l__iow_current_indentation_int=\count287
L3 Module: l3skip 2014/05/05 v4738 L3 Dimensions and skips
\c_zero_dim=\dimen111
\c_max_dim=\dimen112
\l_tmpa_dim=\dimen113
\l_tmpb_dim=\dimen114
\g_tmpa_dim=\dimen115
\g_tmpb_dim=\dimen116
\c_zero_skip=\skip57
\c_max_skip=\skip58
\l_tmpa_skip=\skip59
\l_tmpb_skip=\skip60
\g_tmpa_skip=\skip61
\g_tmpb_skip=\skip62
\c_zero_muskip=\muskip11
\c_max_muskip=\muskip12
\l_tmpa_muskip=\muskip13
\l_tmpb_muskip=\muskip14
\g_tmpa_muskip=\muskip15
\g_tmpb_muskip=\muskip16
L3 Module: l3keys 2014/05/04 v4728 L3 Key-value interfaces
\g__keyval_level_int=\count288
\l_keys_choice_int=\count289
L3 Module: l3fp 2014/04/30 v4712 L3 Floating points
\c__fp_leading_shift_int=\count290
\c__fp_middle_shift_int=\count291
\c__fp_trailing_shift_int=\count292
\c__fp_big_leading_shift_int=\count293
\c__fp_big_middle_shift_int=\count294
\c__fp_big_trailing_shift_int=\count295
\c__fp_Bigg_leading_shift_int=\count296
\c__fp_Bigg_middle_shift_int=\count297
\c__fp_Bigg_trailing_shift_int=\count298
L3 Module: l3box 2014/05/04 v4728 L3 Experimental boxes
\c_empty_box=\box27
\l_tmpa_box=\box28
\l_tmpb_box=\box29
\g_tmpa_box=\box30
\g_tmpb_box=\box31
L3 Module: l3coffins 2014/05/04 v4728 L3 Coffin code layer
\l__coffin_internal_box=\box32
\l__coffin_internal_dim=\dimen117
\l__coffin_offset_x_dim=\dimen118
\l__coffin_offset_y_dim=\dimen119
\l__coffin_x_dim=\dimen120
\l__coffin_y_dim=\dimen121
\l__coffin_x_prime_dim=\dimen122
\l__coffin_y_prime_dim=\dimen123
\c_empty_coffin=\box33
\l__coffin_aligned_coffin=\box34
\l__coffin_aligned_internal_coffin=\box35
\l_tmpa_coffin=\box36
\l_tmpb_coffin=\box37
\l__coffin_display_coffin=\box38
\l__coffin_display_coord_coffin=\box39
\l__coffin_display_pole_coffin=\box40
\l__coffin_display_offset_dim=\dimen124
\l__coffin_display_x_dim=\dimen125
\l__coffin_display_y_dim=\dimen126
L3 Module: l3color 2014/04/30 v4712 L3 Experimental color support
L3 Module: l3luatex 2014/04/30 v4712 L3 Experimental LuaTeX-specific functions
\g__cctab_allocate_int=\count299
\g__cctab_stack_int=\count300
L3 Module: l3candidates 2014/05/04 v4734 L3 Experimental additions to l3kernel
\l__box_top_dim=\dimen127
\l__box_bottom_dim=\dimen128
\l__box_left_dim=\dimen129
\l__box_right_dim=\dimen130
\l__box_top_new_dim=\dimen131
\l__box_bottom_new_dim=\dimen132
\l__box_left_new_dim=\dimen133
\l__box_right_new_dim=\dimen134
\l__box_internal_box=\box41
\l__coffin_bounding_shift_dim=\dimen135
\l__coffin_left_corner_dim=\dimen136
\l__coffin_right_corner_dim=\dimen137
\l__coffin_bottom_corner_dim=\dimen138
\l__coffin_top_corner_dim=\dimen139
\l__coffin_scaled_total_height_dim=\dimen140
\l__coffin_scaled_width_dim=\dimen141
))
Package: xpatch 2012/10/02 v0.3 Extending etoolbox patching commands

("C:\Program Files (x86)\MiKTeX 2.9\tex\latex\l3packages\xparse\xparse.sty"
Package: xparse 2014/05/05 v4740 L3 Experimental document command parser
\l__xparse_current_arg_int=\count301
\l__xparse_m_args_int=\count302
\l__xparse_mandatory_args_int=\count303
\l__xparse_processor_int=\count304
\l__xparse_v_nesting_int=\count305
)
.................................................
. LaTeX info: "xparse/define-command"
. 
. Defining document command \xpatchcmd with arg. spec. '' on line 125.
.................................................
.................................................
. LaTeX info: "xparse/define-command"
. 
. Defining document command \xpretocmd with arg. spec. '' on line 126.
.................................................
.................................................
. LaTeX info: "xparse/define-command"
. 
. Defining document command \xapptocmd with arg. spec. '' on line 127.
.................................................
.................................................
. LaTeX info: "xparse/define-command"
. 
. Defining document command \xshowcmd with arg. spec. '' on line 128.
.................................................
.................................................
. LaTeX info: "xparse/define-command"
. 
. Defining document command \xpatchbibmacro with arg. spec. 'm' on line 131.
.................................................
.................................................
. LaTeX info: "xparse/define-command"
. 
. Defining document command \xpretobibmacro with arg. spec. 'm' on line 133.
.................................................
.................................................
. LaTeX info: "xparse/define-command"
. 
. Defining document command \xapptobibmacro with arg. spec. 'm' on line 135.
.................................................
.................................................
. LaTeX info: "xparse/define-command"
. 
. Defining document command \xshowbibmacro with arg. spec. 'm' on line 137.
.................................................
.................................................
. LaTeX info: "xparse/define-command"
. 
. Defining document command \xpatchfieldformat with arg. spec. 'O{*}m' on line
. 139.
.................................................
.................................................
. LaTeX info: "xparse/define-command"
. 
. Defining document command \xpretofieldformat with arg. spec. 'O{*}m' on line
. 141.
.................................................
.................................................
. LaTeX info: "xparse/define-command"
. 
. Defining document command \xapptofieldformat with arg. spec. 'O{*}m' on line
. 143.
.................................................
.................................................
. LaTeX info: "xparse/define-command"
. 
. Defining document command \xshowfieldformat with arg. spec. 'O{*}m' on line
. 145.
.................................................
.................................................
. LaTeX info: "xparse/define-command"
. 
. Defining document command \xpatchnameformat with arg. spec. 'O{*}m' on line
. 147.
.................................................
.................................................
. LaTeX info: "xparse/define-command"
. 
. Defining document command \xpretonameformat with arg. spec. 'O{*}m' on line
. 149.
.................................................
.................................................
. LaTeX info: "xparse/define-command"
. 
. Defining document command \xapptonameformat with arg. spec. 'O{*}m' on line
. 151.
.................................................
.................................................
. LaTeX info: "xparse/define-command"
. 
. Defining document command \xshownameformat with arg. spec. 'O{*}m' on line
. 153.
.................................................
.................................................
. LaTeX info: "xparse/define-command"
. 
. Defining document command \xpatchlistformat with arg. spec. 'O{*}m' on line
. 155.
.................................................
.................................................
. LaTeX info: "xparse/define-command"
. 
. Defining document command \xpretolistformat with arg. spec. 'O{*}m' on line
. 157.
.................................................
.................................................
. LaTeX info: "xparse/define-command"
. 
. Defining document command \xapptolistformat with arg. spec. 'O{*}m' on line
. 159.
.................................................
.................................................
. LaTeX info: "xparse/define-command"
. 
. Defining document command \xshowlistformat with arg. spec. 'O{*}m' on line
. 161.
.................................................
.................................................
. LaTeX info: "xparse/define-command"
. 
. Defining document command \xpatchindexfieldformat with arg. spec. 'O{*}m' on
. line 163.
.................................................
.................................................
. LaTeX info: "xparse/define-command"
. 
. Defining document command \xpretoindexfieldformat with arg. spec. 'O{*}m' on
. line 165.
.................................................
.................................................
. LaTeX info: "xparse/define-command"
. 
. Defining document command \xapptoindexfieldformat with arg. spec. 'O{*}m' on
. line 167.
.................................................
.................................................
. LaTeX info: "xparse/define-command"
. 
. Defining document command \xshowindexfieldformat with arg. spec. 'O{*}m' on
. line 169.
.................................................
.................................................
. LaTeX info: "xparse/define-command"
. 
. Defining document command \xpatchindexnameformat with arg. spec. 'O{*}m' on
. line 171.
.................................................
.................................................
. LaTeX info: "xparse/define-command"
. 
. Defining document command \xpretoindexnameformat with arg. spec. 'O{*}m' on
. line 173.
.................................................
.................................................
. LaTeX info: "xparse/define-command"
. 
. Defining document command \xapptoindexnameformat with arg. spec. 'O{*}m' on
. line 175.
.................................................
.................................................
. LaTeX info: "xparse/define-command"
. 
. Defining document command \xshowindexnameformat with arg. spec. 'O{*}m' on
. line 177.
.................................................
.................................................
. LaTeX info: "xparse/define-command"
. 
. Defining document command \xpatchindexlistformat with arg. spec. 'O{*}m' on
. line 179.
.................................................
.................................................
. LaTeX info: "xparse/define-command"
. 
. Defining document command \xpretoindexlistformat with arg. spec. 'O{*}m' on
. line 181.
.................................................
.................................................
. LaTeX info: "xparse/define-command"
. 
. Defining document command \xappindextolistformat with arg. spec. 'O{*}m' on
. line 183.
.................................................
.................................................
. LaTeX info: "xparse/define-command"
. 
. Defining document command \xshowindexlistformat with arg. spec. 'O{*}m' on
. line 185.
.................................................
.................................................
. LaTeX info: "xparse/define-command"
. 
. Defining document command \xpatchbibdriver with arg. spec. 'm' on line 187.
.................................................
.................................................
. LaTeX info: "xparse/define-command"
. 
. Defining document command \xpretobibdriver with arg. spec. 'm' on line 189.
.................................................
.................................................
. LaTeX info: "xparse/define-command"
. 
. Defining document command \xapptobibdriver with arg. spec. 'm' on line 191.
.................................................
.................................................
. LaTeX info: "xparse/define-command"
. 
. Defining document command \xshowbibdriver with arg. spec. 'm' on line 193.
.................................................
)
("C:\Program Files (x86)\MiKTeX 2.9\tex\latex\tools\multicol.sty"
Package: multicol 2011/06/27 v1.7a multicolumn formatting (FMi)
\c@tracingmulticols=\count306
\mult@box=\box42
\multicol@leftmargin=\dimen142
\c@unbalance=\count307
\c@collectmore=\count308
\doublecol@number=\count309
\multicoltolerance=\count310
\multicolpretolerance=\count311
\full@width=\dimen143
\page@free=\dimen144
\premulticols=\dimen145
\postmulticols=\dimen146
\multicolsep=\skip63
\multicolbaselineskip=\skip64
\partial@page=\box43
\last@line=\box44
\mult@rightbox=\box45
\mult@grightbox=\box46
\mult@gfirstbox=\box47
\mult@firstbox=\box48
\@tempa=\box49
\@tempa=\box50
\@tempa=\box51
\@tempa=\box52
\@tempa=\box53
\@tempa=\box54
\@tempa=\box55
\@tempa=\box56
\@tempa=\box57
\@tempa=\box58
\@tempa=\box59
\@tempa=\box60
\@tempa=\box61
\@tempa=\box62
\@tempa=\box63
\@tempa=\box64
\@tempa=\box65
\c@columnbadness=\count312
\c@finalcolumnbadness=\count313
\last@try=\dimen147
\multicolovershoot=\dimen148
\multicolundershoot=\dimen149
\mult@nat@firstbox=\box66
\colbreak@box=\box67
\multicol@sort@counter=\count314
))
("C:\Program Files (x86)\MiKTeX 2.9\tex\latex\tools\tabularx.sty"
Package: tabularx 1999/01/07 v2.07 `tabularx' package (DPC)

("C:\Program Files (x86)\MiKTeX 2.9\tex\latex\tools\array.sty"
Package: array 2008/09/09 v2.4c Tabular extension package (FMi)
\col@sep=\dimen150
\extrarowheight=\dimen151
\NC@list=\toks19
\extratabsurround=\skip65
\backup@length=\skip66
)
\TX@col@width=\dimen152
\TX@old@table=\dimen153
\TX@old@col=\dimen154
\TX@target=\dimen155
\TX@delta=\dimen156
\TX@cols=\count315
\TX@ftn=\toks20
)
("C:\Program Files (x86)\MiKTeX 2.9\tex\latex\libertine\libertine.sty"
Package: libertine 2014/02/19 (Bob Tennent) Supports Libertine and Biolinum fon
ts for all LaTeX engines.

("C:\Program Files (x86)\MiKTeX 2.9\tex\latex\base\textcomp.sty"
Package: textcomp 2005/09/27 v1.99g Standard LaTeX package
Package textcomp Info: Sub-encoding information:
(textcomp)               5 = only ISO-Adobe without \textcurrency
(textcomp)               4 = 5 + \texteuro
(textcomp)               3 = 4 + \textohm
(textcomp)               2 = 3 + \textestimated + \textcurrency
(textcomp)               1 = TS1 - \textcircled - \t
(textcomp)               0 = TS1 (full)
(textcomp)             Font families with sub-encoding setting implement
(textcomp)             only a restricted character set as indicated.
(textcomp)             Family '?' is the default used for unknown fonts.
(textcomp)             See the documentation for details.
Package textcomp Info: Setting ? sub-encoding to TS1/1 on input line 71.

("C:\Program Files (x86)\MiKTeX 2.9\tex\latex\base\ts1enc.def"
File: ts1enc.def 2001/06/05 v3.0e (jk/car/fm) Standard LaTeX file
)
LaTeX Info: Redefining \oldstylenums on input line 266.
Package textcomp Info: Setting cmr sub-encoding to TS1/0 on input line 281.
Package textcomp Info: Setting cmss sub-encoding to TS1/0 on input line 282.
Package textcomp Info: Setting cmtt sub-encoding to TS1/0 on input line 283.
Package textcomp Info: Setting cmvtt sub-encoding to TS1/0 on input line 284.
Package textcomp Info: Setting cmbr sub-encoding to TS1/0 on input line 285.
Package textcomp Info: Setting cmtl sub-encoding to TS1/0 on input line 286.
Package textcomp Info: Setting ccr sub-encoding to TS1/0 on input line 287.
Package textcomp Info: Setting ptm sub-encoding to TS1/4 on input line 288.
Package textcomp Info: Setting pcr sub-encoding to TS1/4 on input line 289.
Package textcomp Info: Setting phv sub-encoding to TS1/4 on input line 290.
Package textcomp Info: Setting ppl sub-encoding to TS1/3 on input line 291.
Package textcomp Info: Setting pag sub-encoding to TS1/4 on input line 292.
Package textcomp Info: Setting pbk sub-encoding to TS1/4 on input line 293.
Package textcomp Info: Setting pnc sub-encoding to TS1/4 on input line 294.
Package textcomp Info: Setting pzc sub-encoding to TS1/4 on input line 295.
Package textcomp Info: Setting bch sub-encoding to TS1/4 on input line 296.
Package textcomp Info: Setting put sub-encoding to TS1/5 on input line 297.
Package textcomp Info: Setting uag sub-encoding to TS1/5 on input line 298.
Package textcomp Info: Setting ugq sub-encoding to TS1/5 on input line 299.
Package textcomp Info: Setting ul8 sub-encoding to TS1/4 on input line 300.
Package textcomp Info: Setting ul9 sub-encoding to TS1/4 on input line 301.
Package textcomp Info: Setting augie sub-encoding to TS1/5 on input line 302.
Package textcomp Info: Setting dayrom sub-encoding to TS1/3 on input line 303.
Package textcomp Info: Setting dayroms sub-encoding to TS1/3 on input line 304.

Package textcomp Info: Setting pxr sub-encoding to TS1/0 on input line 305.
Package textcomp Info: Setting pxss sub-encoding to TS1/0 on input line 306.
Package textcomp Info: Setting pxtt sub-encoding to TS1/0 on input line 307.
Package textcomp Info: Setting txr sub-encoding to TS1/0 on input line 308.
Package textcomp Info: Setting txss sub-encoding to TS1/0 on input line 309.
Package textcomp Info: Setting txtt sub-encoding to TS1/0 on input line 310.
Package textcomp Info: Setting lmr sub-encoding to TS1/0 on input line 311.
Package textcomp Info: Setting lmdh sub-encoding to TS1/0 on input line 312.
Package textcomp Info: Setting lmss sub-encoding to TS1/0 on input line 313.
Package textcomp Info: Setting lmssq sub-encoding to TS1/0 on input line 314.
Package textcomp Info: Setting lmvtt sub-encoding to TS1/0 on input line 315.
Package textcomp Info: Setting qhv sub-encoding to TS1/0 on input line 316.
Package textcomp Info: Setting qag sub-encoding to TS1/0 on input line 317.
Package textcomp Info: Setting qbk sub-encoding to TS1/0 on input line 318.
Package textcomp Info: Setting qcr sub-encoding to TS1/0 on input line 319.
Package textcomp Info: Setting qcs sub-encoding to TS1/0 on input line 320.
Package textcomp Info: Setting qpl sub-encoding to TS1/0 on input line 321.
Package textcomp Info: Setting qtm sub-encoding to TS1/0 on input line 322.
Package textcomp Info: Setting qzc sub-encoding to TS1/0 on input line 323.
Package textcomp Info: Setting qhvc sub-encoding to TS1/0 on input line 324.
Package textcomp Info: Setting futs sub-encoding to TS1/4 on input line 325.
Package textcomp Info: Setting futx sub-encoding to TS1/4 on input line 326.
Package textcomp Info: Setting futj sub-encoding to TS1/4 on input line 327.
Package textcomp Info: Setting hlh sub-encoding to TS1/3 on input line 328.
Package textcomp Info: Setting hls sub-encoding to TS1/3 on input line 329.
Package textcomp Info: Setting hlst sub-encoding to TS1/3 on input line 330.
Package textcomp Info: Setting hlct sub-encoding to TS1/5 on input line 331.
Package textcomp Info: Setting hlx sub-encoding to TS1/5 on input line 332.
Package textcomp Info: Setting hlce sub-encoding to TS1/5 on input line 333.
Package textcomp Info: Setting hlcn sub-encoding to TS1/5 on input line 334.
Package textcomp Info: Setting hlcw sub-encoding to TS1/5 on input line 335.
Package textcomp Info: Setting hlcf sub-encoding to TS1/5 on input line 336.
Package textcomp Info: Setting pplx sub-encoding to TS1/3 on input line 337.
Package textcomp Info: Setting pplj sub-encoding to TS1/3 on input line 338.
Package textcomp Info: Setting ptmx sub-encoding to TS1/4 on input line 339.
Package textcomp Info: Setting ptmj sub-encoding to TS1/4 on input line 340.
)
("C:\Program Files (x86)\MiKTeX 2.9\tex\latex\mweights\mweights.sty"
Package: mweights 2013/07/21 (Bob Tennent) Support package for multiple-weight 
font packages. 
LaTeX Info: Redefining \bfseries on input line 22.
LaTeX Info: Redefining \mdseries on input line 29.
LaTeX Info: Redefining \rmfamily on input line 36.
LaTeX Info: Redefining \sffamily on input line 53.
LaTeX Info: Redefining \ttfamily on input line 70.
)
("C:\Program Files (x86)\MiKTeX 2.9\tex\latex\base\fontenc.sty"
Package: fontenc 2005/09/27 v1.99g Standard LaTeX package
)
("C:\Program Files (x86)\MiKTeX 2.9\tex\latex\fontaxes\fontaxes.sty"
Package: fontaxes 2014/03/23 v1.0d Font selection axes
LaTeX Info: Redefining \upshape on input line 29.
LaTeX Info: Redefining \itshape on input line 31.
LaTeX Info: Redefining \slshape on input line 33.
LaTeX Info: Redefining \scshape on input line 37.
)
LaTeX Info: Redefining \oldstylenums on input line 477.

("C:\Program Files (x86)\MiKTeX 2.9\tex\latex\libertine\LinLibertine_I.tex"))
("C:\Program Files (x86)\MiKTeX 2.9\tex\latex\bera\beramono.sty"
Package: beramono 2004/01/31 (WaS)
)
("C:\Program Files (x86)\MiKTeX 2.9\tex\latex\microtype\microtype.sty"
Package: microtype 2013/05/23 v2.5a Micro-typographical refinements (RS)
\MT@toks=\toks21
\MT@count=\count316
LaTeX Info: Redefining \textls on input line 766.
\MT@outer@kern=\dimen157
LaTeX Info: Redefining \textmicrotypecontext on input line 1285.
\MT@listname@count=\count317

("C:\Program Files (x86)\MiKTeX 2.9\tex\latex\microtype\microtype-pdftex.def"
File: microtype-pdftex.def 2013/05/23 v2.5a Definitions specific to pdftex (RS)

LaTeX Info: Redefining \lsstyle on input line 915.
LaTeX Info: Redefining \lslig on input line 915.
\MT@outer@space=\skip67
)
Package microtype Info: Loading configuration file microtype.cfg.

("C:\Program Files (x86)\MiKTeX 2.9\tex\latex\microtype\microtype.cfg"
File: microtype.cfg 2013/05/23 v2.5a microtype main configuration file (RS)
))
("C:\Program Files (x86)\MiKTeX 2.9\tex\latex\ms\ragged2e.sty"
Package: ragged2e 2009/05/21 v2.1 ragged2e Package (MS)

("C:\Program Files (x86)\MiKTeX 2.9\tex\latex\ms\everysel.sty"
Package: everysel 2011/10/28 v1.2 EverySelectfont Package (MS)
)
\CenteringLeftskip=\skip68
\RaggedLeftLeftskip=\skip69
\RaggedRightLeftskip=\skip70
\CenteringRightskip=\skip71
\RaggedLeftRightskip=\skip72
\RaggedRightRightskip=\skip73
\CenteringParfillskip=\skip74
\RaggedLeftParfillskip=\skip75
\RaggedRightParfillskip=\skip76
\JustifyingParfillskip=\skip77
\CenteringParindent=\skip78
\RaggedLeftParindent=\skip79
\RaggedRightParindent=\skip80
\JustifyingParindent=\skip81
)
("C:\Program Files (x86)\MiKTeX 2.9\tex\latex\enumitem\enumitem.sty"
Package: enumitem 2011/09/28 v3.5.2 Customized lists
\labelindent=\skip82
\enit@outerparindent=\dimen158
\enit@toks=\toks22
\enit@inbox=\box68
\enitdp@description=\count318
)
("C:\Program Files (x86)\MiKTeX 2.9\tex\latex\booktabs\booktabs.sty"
Package: booktabs 2005/04/14 v1.61803 publication quality tables
\heavyrulewidth=\dimen159
\lightrulewidth=\dimen160
\cmidrulewidth=\dimen161
\belowrulesep=\dimen162
\belowbottomsep=\dimen163
\aboverulesep=\dimen164
\abovetopsep=\dimen165
\cmidrulesep=\dimen166
\cmidrulekern=\dimen167
\defaultaddspace=\dimen168
\@cmidla=\count319
\@cmidlb=\count320
\@aboverulesep=\dimen169
\@belowrulesep=\dimen170
\@thisruleclass=\count321
\@lastruleclass=\count322
\@thisrulewidth=\dimen171
)
("C:\Program Files (x86)\MiKTeX 2.9\tex\latex\hyperref\hyperref.sty"
Package: hyperref 2012/11/06 v6.83m Hypertext links for LaTeX

("C:\Program Files (x86)\MiKTeX 2.9\tex\generic\oberdiek\hobsub-hyperref.sty"
Package: hobsub-hyperref 2012/04/25 v1.12 Bundle oberdiek, subset hyperref (HO)


("C:\Program Files (x86)\MiKTeX 2.9\tex\generic\oberdiek\hobsub-generic.sty"
Package: hobsub-generic 2012/04/25 v1.12 Bundle oberdiek, subset generic (HO)
Package: hobsub 2012/04/25 v1.12 Construct package bundles (HO)
Package hobsub Info: Skipping package `infwarerr' (already loaded).
Package hobsub Info: Skipping package `ltxcmds' (already loaded).
Package hobsub Info: Skipping package `ifluatex' (already loaded).
Package hobsub Info: Skipping package `ifvtex' (already loaded).
Package: intcalc 2007/09/27 v1.1 Expandable calculations with integers (HO)
Package hobsub Info: Skipping package `ifpdf' (already loaded).
Package hobsub Info: Skipping package `etexcmds' (already loaded).
Package hobsub Info: Skipping package `kvsetkeys' (already loaded).
Package: kvdefinekeys 2011/04/07 v1.3 Define keys (HO)
Package: pdftexcmds 2011/11/29 v0.20 Utility functions of pdfTeX for LuaTeX (HO
)
Package pdftexcmds Info: LuaTeX not detected.
Package pdftexcmds Info: \pdf@primitive is available.
Package pdftexcmds Info: \pdf@ifprimitive is available.
Package pdftexcmds Info: \pdfdraftmode found.
Package: pdfescape 2011/11/25 v1.13 Implements pdfTeX's escape features (HO)
Package: bigintcalc 2012/04/08 v1.3 Expandable calculations on big integers (HO
)
Package: bitset 2011/01/30 v1.1 Handle bit-vector datatype (HO)
Package: uniquecounter 2011/01/30 v1.2 Provide unlimited unique counter (HO)
)
Package hobsub Info: Skipping package `hobsub' (already loaded).
Package: letltxmacro 2010/09/02 v1.4 Let assignment for LaTeX macros (HO)
Package: hopatch 2011/06/24 v1.1 Wrapper for package hooks (HO)
Package: xcolor-patch 2011/01/30 xcolor patch
Package: atveryend 2011/06/30 v1.8 Hooks at the very end of document (HO)
Package: atbegshi 2011/10/05 v1.16 At begin shipout hook (HO)
Package: refcount 2011/10/16 v3.4 Data extraction from label references (HO)
Package: hycolor 2011/01/30 v1.7 Color options for hyperref/bookmark (HO)
)
("C:\Program Files (x86)\MiKTeX 2.9\tex\latex\oberdiek\auxhook.sty"
Package: auxhook 2011/03/04 v1.3 Hooks for auxiliary files (HO)
)
\@linkdim=\dimen172
\Hy@linkcounter=\count323
\Hy@pagecounter=\count324

("C:\Program Files (x86)\MiKTeX 2.9\tex\latex\hyperref\pd1enc.def"
File: pd1enc.def 2012/11/06 v6.83m Hyperref: PDFDocEncoding definition (HO)
)
\Hy@SavedSpaceFactor=\count325

("C:\Program Files (x86)\MiKTeX 2.9\tex\latex\00miktex\hyperref.cfg"
File: hyperref.cfg 2002/06/06 v1.2 hyperref configuration of TeXLive
)
Package hyperref Info: Hyper figures OFF on input line 4443.
Package hyperref Info: Link nesting OFF on input line 4448.
Package hyperref Info: Hyper index ON on input line 4451.
Package hyperref Info: Plain pages OFF on input line 4458.
Package hyperref Info: Backreferencing OFF on input line 4463.
Package hyperref Info: Implicit mode ON; LaTeX internals redefined.
Package hyperref Info: Bookmarks ON on input line 4688.
\c@Hy@tempcnt=\count326
LaTeX Info: Redefining \url on input line 5041.
\XeTeXLinkMargin=\dimen173
\Fld@menulength=\count327
\Field@Width=\dimen174
\Fld@charsize=\dimen175
Package hyperref Info: Hyper figures OFF on input line 6295.
Package hyperref Info: Link nesting OFF on input line 6300.
Package hyperref Info: Hyper index ON on input line 6303.
Package hyperref Info: backreferencing OFF on input line 6310.
Package hyperref Info: Link coloring OFF on input line 6315.
Package hyperref Info: Link coloring with OCG OFF on input line 6320.
Package hyperref Info: PDF/A mode OFF on input line 6325.
LaTeX Info: Redefining \ref on input line 6365.
LaTeX Info: Redefining \pageref on input line 6369.
\Hy@abspage=\count328
\c@Item=\count329
\c@Hfootnote=\count330
)

Package hyperref Message: Driver (autodetected): hpdftex.

("C:\Program Files (x86)\MiKTeX 2.9\tex\latex\hyperref\hpdftex.def"
File: hpdftex.def 2012/11/06 v6.83m Hyperref driver for pdfTeX
\Fld@listcount=\count331
\c@bookmark@seq@number=\count332

("C:\Program Files (x86)\MiKTeX 2.9\tex\latex\oberdiek\rerunfilecheck.sty"
Package: rerunfilecheck 2011/04/15 v1.7 Rerun checks for auxiliary files (HO)
Package uniquecounter Info: New unique counter `rerunfilecheck' on input line 2
82.
)
\Hy@SectionHShift=\skip83
)
\c@egcounter=\count333

("C:\Program Files (x86)\MiKTeX 2.9\tex\latex\xcolor\xcolor.sty"
Package: xcolor 2007/01/21 v2.11 LaTeX color extensions (UK)

("C:\Program Files (x86)\MiKTeX 2.9\tex\latex\00miktex\color.cfg"
File: color.cfg 2007/01/18 v1.5 color configuration of teTeX/TeXLive
)
Package xcolor Info: Driver file: pdftex.def on input line 225.

("C:\Program Files (x86)\MiKTeX 2.9\tex\latex\pdftex-def\pdftex.def"
File: pdftex.def 2011/05/27 v0.06d Graphics/color for pdfTeX
\Gread@gobject=\count334
)
Package xcolor Info: Model `cmy' substituted by `cmy0' on input line 1337.
Package xcolor Info: Model `hsb' substituted by `rgb' on input line 1341.
Package xcolor Info: Model `RGB' extended on input line 1353.
Package xcolor Info: Model `HTML' substituted by `rgb' on input line 1355.
Package xcolor Info: Model `Hsb' substituted by `hsb' on input line 1356.
Package xcolor Info: Model `tHsb' substituted by `hsb' on input line 1357.
Package xcolor Info: Model `HSB' substituted by `hsb' on input line 1358.
Package xcolor Info: Model `Gray' substituted by `gray' on input line 1359.
Package xcolor Info: Model `wave' substituted by `hsb' on input line 1360.

("C:\Program Files (x86)\MiKTeX 2.9\tex\latex\graphics\dvipsnam.def"
File: dvipsnam.def 1999/02/16 v3.0i Driver-dependant file (DPC,SPQR)
))
\boxwidth=\skip84
\boxcontainer=\box69

("C:\Program Files (x86)\MiKTeX 2.9\tex\latex\koma-script\scrpage2.sty"
Package: scrpage2 2013/12/19 v3.12 KOMA-Script package (page head and foot)
LaTeX Info: Redefining \pagemark on input line 174.
)
\@indexfile=\write4

Started index file ukcases
Started index file eucasesa
Started index file eucasesn
Started index file intcases
Started index file ocases
Started index file ukleg
Started index file euleg
Started index file treaties
Started index file pmats
Started index file general
Package biblatex Info: Trying to load language 'english' -> 'english-oscola'...

Package biblatex Info: ... file 'english-oscola.lbx' found.
("C:\Users\SjurK\Desktop\Law_PhD\Thesis Shell\Classes\english-oscola.lbx"
File: english-oscola.lbx 2013/05/23 v 1.2 Biblatex localisation file for OSCOLA
 citations
)
Started index file trash
("C:\Users\SjurK\Desktop\Law_PhD\Thesis Shell\Classes\oscola.aux")
LaTeX Font Info:    Checking defaults for OML/cmm/m/it on input line 178.
LaTeX Font Info:    ... okay on input line 178.
LaTeX Font Info:    Checking defaults for T1/cmr/m/n on input line 178.
LaTeX Font Info:    ... okay on input line 178.
LaTeX Font Info:    Checking defaults for OT1/cmr/m/n on input line 178.
LaTeX Font Info:    ... okay on input line 178.
LaTeX Font Info:    Checking defaults for OMS/cmsy/m/n on input line 178.
LaTeX Font Info:    ... okay on input line 178.
LaTeX Font Info:    Checking defaults for OMX/cmex/m/n on input line 178.
LaTeX Font Info:    ... okay on input line 178.
LaTeX Font Info:    Checking defaults for U/cmr/m/n on input line 178.
LaTeX Font Info:    ... okay on input line 178.
LaTeX Font Info:    Checking defaults for TS1/cmr/m/n on input line 178.
LaTeX Font Info:    Try loading font information for TS1+cmr on input line 178.


("C:\Program Files (x86)\MiKTeX 2.9\tex\latex\base\ts1cmr.fd"
File: ts1cmr.fd 1999/05/25 v2.5h Standard LaTeX font definitions
)
LaTeX Font Info:    ... okay on input line 178.
LaTeX Font Info:    Checking defaults for PD1/pdf/m/n on input line 178.
LaTeX Font Info:    ... okay on input line 178.
LaTeX Font Info:    Try loading font information for T1+LinuxLibertineT-TLF on 
input line 178.

("C:\Program Files (x86)\MiKTeX 2.9\tex\latex\libertine\t1linuxlibertinet-tlf.f
d"
File: T1LinuxLibertineT-TLF.fd 2012/11/26 (autoinst) Font definitions for T1/Li
nuxLibertineT-TLF.
)
LaTeX Font Info:    Font shape `T1/LinuxLibertineT-TLF/m/n' will be
(Font)              scaled to size 10.95pt on input line 178.
 ("C:\Program Files (x86)\MiKTeX 2.9\tex\latex\graphics\graphics.sty"
Package: graphics 2009/02/05 v1.0o Standard LaTeX Graphics (DPC,SPQR)

("C:\Program Files (x86)\MiKTeX 2.9\tex\latex\graphics\trig.sty"
Package: trig 1999/03/16 v1.09 sin cos tan (DPC)
)
("C:\Program Files (x86)\MiKTeX 2.9\tex\latex\00miktex\graphics.cfg"
File: graphics.cfg 2007/01/18 v1.5 graphics configuration of teTeX/TeXLive
)
Package graphics Info: Driver file: pdftex.def on input line 91.
)
*geometry* driver: auto-detecting
*geometry* detected driver: pdftex
*geometry* verbose mode - [ preamble ] result:
* driver: pdftex
* paper: a4paper
* layout: <same size as paper>
* layoutoffset:(h,v)=(0.0pt,0.0pt)
* modes: 
* h-part:(L,W,R)=(85.35826pt, 360.0pt, 152.14961pt)
* v-part:(T,H,B)=(77.96053pt, 666.4003pt, 100.68602pt)
* \paperwidth=597.50787pt
* \paperheight=845.04684pt
* \textwidth=360.0pt
* \textheight=666.4003pt
* \oddsidemargin=13.08827pt
* \evensidemargin=13.08827pt
* \topmargin=-35.10948pt
* \headheight=13.6pt
* \headsep=27.20001pt
* \topskip=11.0pt
* \footskip=47.6pt
* \marginparwidth=74.68849pt
* \marginparsep=12.0pt
* \columnsep=10.0pt
* \skip\footins=10.0pt plus 4.0pt minus 2.0pt
* \hoffset=0.0pt
* \voffset=0.0pt
* \mag=1000
* \@twocolumnfalse
* \@twosidefalse
* \@mparswitchfalse
* \@reversemarginfalse
* (1in=72.27pt=25.4mm, 1cm=28.453pt)

Package biblatex Info: No input encoding detected.
(biblatex)             Assuming 'ascii'.
Package biblatex Info: Automatic encoding selection.
(biblatex)             Assuming data encoding 'ascii'.
Package biblatex Info: Trying to load bibliographic data...
Package biblatex Info: ... file 'oscola.bbl' found.
("C:\Users\SjurK\Desktop\Law_PhD\Thesis Shell\Classes\oscola.bbl"
LaTeX Font Info:    Font shape `T1/LinuxLibertineT-TLF/m/sc' will be
(Font)              scaled to size 10.95pt on input line 878.


Package biblatex Warning: The following entry could not be found
(biblatex)                in the database:
(biblatex)                \footciteref 
(biblatex)                Please verify the spelling and rerun
(biblatex)                LaTeX afterwards.

)
Package biblatex Info: Reference section=0 on input line 178.
Package biblatex Info: Reference segment=0 on input line 178.
\c@mv@tabular=\count335
\c@mv@boldtabular=\count336
LaTeX Info: Redefining \microtypecontext on input line 178.
Package microtype Info: Generating PDF output.
Package microtype Info: Character protrusion enabled (level 2).
Package microtype Info: Using default protrusion set `alltext'.
Package microtype Info: Automatic font expansion enabled (level 2),
(microtype)             stretch: 20, shrink: 20, step: 1, non-selected.
Package microtype Info: Using default expansion set `basictext'.
Package microtype Info: No adjustment of tracking.
Package microtype Info: No adjustment of interword spacing.
Package microtype Info: No adjustment of character kerning.
Package microtype Info: Loading generic settings for font family
(microtype)             `LinuxLibertineT-TLF' (encoding: T1).
(microtype)             For optimal results, create family-specific settings.
(microtype)             See the microtype manual for details.
 ABD: EverySelectfont initializing macros
LaTeX Info: Redefining \selectfont on input line 178.
\AtBeginShipoutBox=\box70
Package hyperref Info: Link coloring OFF on input line 178.

("C:\Program Files (x86)\MiKTeX 2.9\tex\latex\hyperref\nameref.sty"
Package: nameref 2012/10/27 v2.43 Cross-referencing by name of section

("C:\Program Files (x86)\MiKTeX 2.9\tex\generic\oberdiek\gettitlestring.sty"
Package: gettitlestring 2010/12/03 v1.4 Cleanup title references (HO)
)
\c@section@level=\count337
)
LaTeX Info: Redefining \ref on input line 178.
LaTeX Info: Redefining \pageref on input line 178.
LaTeX Info: Redefining \nameref on input line 178.

("C:\Users\SjurK\Desktop\Law_PhD\Thesis Shell\Classes\oscola.out")
("C:\Users\SjurK\Desktop\Law_PhD\Thesis Shell\Classes\oscola.out")
\@outlinefile=\write5

("C:\Program Files (x86)\MiKTeX 2.9\tex\context\base\supp-pdf.mkii"
[Loading MPS to PDF converter (version 2006.09.02).]
\scratchcounter=\count338
\scratchdimen=\dimen176
\scratchbox=\box71
\nofMPsegments=\count339
\nofMParguments=\count340
\everyMPshowfont=\toks23
\MPscratchCnt=\count341
\MPscratchDim=\dimen177
\MPnumerator=\count342
\makeMPintoPDFobject=\count343
\everyMPtoPDFconversion=\toks24
)

Package scrpage2 Warning: seems you are using a very small headheight.
(scrpage2)                If you get overfull \vbox warnings at almost every
(scrpage2)                page, you should increase headheight e.g. writing
(scrpage2)                 \setlength{\headheight}{1.1\baselineskip}
(scrpage2)                into the preamble of your document.
(scrpage2)                A better solution would be to use typearea package.

LaTeX Font Info:    Try loading font information for T1+LinuxBiolinumT-TLF on i
nput line 188.
("C:\Program Files (x86)\MiKTeX 2.9\tex\latex\libertine\t1linuxbiolinumt-tlf.fd
"
File: T1LinuxBiolinumT-TLF.fd 2012/11/26 (autoinst) Font definitions for T1/Lin
uxBiolinumT-TLF.
)
LaTeX Font Info:    Font shape `T1/LinuxBiolinumT-TLF/m/n' will be
(Font)              scaled to size 10.95pt on input line 188.
Package microtype Info: Loading generic settings for font family
(microtype)             `LinuxBiolinumT-TLF' (encoding: T1).
(microtype)             For optimal results, create family-specific settings.
(microtype)             See the microtype manual for details.
LaTeX Font Info:    Font shape `T1/LinuxBiolinumT-TLF/bx/n' in size <10.95> not
 available
(Font)              Font shape `T1/LinuxBiolinumT-TLF/b/n' tried instead on inp
ut line 188.
LaTeX Font Info:    Font shape `T1/LinuxBiolinumT-TLF/b/n' will be
(Font)              scaled to size 10.95pt on input line 188.
LaTeX Font Info:    Font shape `T1/LinuxBiolinumT-TLF/bx/n' in size <20.74> not
 available
(Font)              Font shape `T1/LinuxBiolinumT-TLF/b/n' tried instead on inp
ut line 188.
LaTeX Font Info:    Font shape `T1/LinuxBiolinumT-TLF/b/n' will be
(Font)              scaled to size 20.74pt on input line 188.
LaTeX Font Info:    Font shape `T1/LinuxBiolinumT-TLF/bx/n' in size <12> not av
ailable
(Font)              Font shape `T1/LinuxBiolinumT-TLF/b/n' tried instead on inp
ut line 188.
LaTeX Font Info:    Font shape `T1/LinuxBiolinumT-TLF/b/n' will be
(Font)              scaled to size 12.0pt on input line 188.
LaTeX Font Info:    Font shape `T1/LinuxLibertineT-TLF/m/n' will be
(Font)              scaled to size 14.4pt on input line 188.
 ("C:\Program Files (x86)\MiKTeX 2.9\tex\latex\microtype\mt-cmr.cfg"
File: mt-cmr.cfg 2013/05/19 v2.2 microtype config. file: Computer Modern Roman 
(RS)
)
LaTeX Font Info:    External font `cmex10' loaded for size
(Font)              <14.4> on input line 188.
LaTeX Font Info:    External font `cmex10' loaded for size
(Font)              <7> on input line 188.
LaTeX Font Info:    Font shape `T1/LinuxLibertineT-TLF/m/n' will be
(Font)              scaled to size 10.0pt on input line 188.
LaTeX Font Info:    External font `cmex10' loaded for size
(Font)              <5> on input line 188.
LaTeX Font Info:    Font shape `T1/LinuxLibertineT-TLF/m/n' will be
(Font)              scaled to size 9.0pt on input line 188.
LaTeX Font Info:    External font `cmex10' loaded for size
(Font)              <9> on input line 188.
LaTeX Font Info:    External font `cmex10' loaded for size
(Font)              <6> on input line 188.
LaTeX Font Info:    Font shape `T1/LinuxBiolinumT-TLF/bx/n' in size <14.4> not 
available
(Font)              Font shape `T1/LinuxBiolinumT-TLF/b/n' tried instead on inp
ut line 189.
LaTeX Font Info:    Font shape `T1/LinuxBiolinumT-TLF/b/n' will be
(Font)              scaled to size 14.4pt on input line 189.
Package tocbasic Info: character protrusion at toc deactivated on input line 18
9.

("C:\Users\SjurK\Desktop\Law_PhD\Thesis Shell\Classes\oscola.toc"
LaTeX Font Info:    External font `cmex10' loaded for size
(Font)              <10.95> on input line 5.
LaTeX Font Info:    External font `cmex10' loaded for size
(Font)              <8> on input line 5.
LaTeX Font Info:    Font shape `T1/LinuxLibertineT-TLF/m/sl' in size <10.95> no
t available
(Font)              Font shape `T1/LinuxLibertineT-TLF/m/it' tried instead on i
nput line 59.
LaTeX Font Info:    Font shape `T1/LinuxLibertineT-TLF/m/it' will be
(Font)              scaled to size 10.95pt on input line 59.
 [1




{C:/ProgramData/MiKTeX/2.9/pdftex/config/pdftex.map}] [2] [3])
\tf@toc=\write6
LaTeX Font Info:    Font shape `T1/LinuxLibertineT-TLF/m/n' will be
(Font)              scaled to size 8.0pt on input line 196.
LaTeX Font Info:    Font shape `T1/LinuxLibertineT-TLF/m/it' will be
(Font)              scaled to size 9.0pt on input line 196.
LaTeX Font Info:    Font shape `T1/LinuxLibertineT-TLF/m/sc' will be
(Font)              scaled to size 9.0pt on input line 196.

Underfull \hbox (badness 10000) in paragraph at lines 196--196
[][][][][][][]\T1/LinuxLibertineT-TLF/m/n/9 (+20) Faculty of Law, Uni-ver-sity 
of Ox-ford, \T1/LinuxLibertineT-TLF/m/it/9 (+20) OS-COLA: Ox-ford Stan-dard for
 the Ci-ta-tion of Le-gal
 []

LaTeX Font Info:    Try loading font information for T1+fvm on input line 200.
("C:\Program Files (x86)\MiKTeX 2.9\tex\latex\bera\t1fvm.fd"
File: t1fvm.fd 2004/09/07 scalable font definitions for T1/fvm.
)
LaTeX Font Info:    Font shape `T1/fvm/m/n' will be
(Font)              scaled to size 8.76003pt on input line 200.
Package microtype Info: Loading generic settings for font family
(microtype)             `fvm' (encoding: T1).
(microtype)             For optimal results, create family-specific settings.
(microtype)             See the microtype manual for details.
LaTeX Font Info:    Font shape `T1/fvm/m/n' will be
(Font)              scaled to size 7.20003pt on input line 205.

Underfull \hbox (badness 10000) in paragraph at lines 205--205
[][][]\T1/LinuxLibertineT-TLF/m/n/9 (+20) For in-stance, I be-lieve that the Ge
r-man \T1/LinuxLibertineT-TLF/m/sc/9 (+20) jura-diss \T1/LinuxLibertineT-TLF/m/
n/9 (+20) style uses the \T1/fvm/m/n/9 author \T1/LinuxLibertineT-TLF/m/n/9 (+2
0) field for the court that
 []


Overfull \hbox (0.12192pt too wide) in paragraph at lines 207--210
[]\T1/LinuxLibertineT-TLF/m/n/10.95 (+5) This doc-u-ment should be read along-s
ide the \T1/LinuxLibertineT-TLF/m/sc/10.95 (+5) os-cola \T1/LinuxLibertineT-TLF
/m/n/10.95 (+5) stan-dard it-self.[][][] Wher- 
 []


Underfull \hbox (badness 10000) in paragraph at lines 217--217
[][][][][][][]\T1/LinuxLibertineT-TLF/m/n/9 (+20) Faculty of Law, Uni-ver-sity 
of Ox-ford, \T1/LinuxLibertineT-TLF/m/it/9 (+20) OS-COLA: Ox-ford Stan-dard for
 the Ci-ta-tion of Le-gal Au-
 []


Overfull \hbox (0.1566pt too wide) in paragraph at lines 213--223
\T1/LinuxLibertineT-TLF/m/n/10.95 (+13) grapple with all the complexities, and 
might not be sufficient for a work with 
 []

[4]
LaTeX Font Info:    Try loading font information for TS1+LinuxLibertineT-TLF on
 input line 237.

("C:\Program Files (x86)\MiKTeX 2.9\tex\latex\libertine\ts1linuxlibertinet-tlf.
fd"
File: TS1LinuxLibertineT-TLF.fd 2012/11/26 (autoinst) Font definitions for TS1/
LinuxLibertineT-TLF.
)
LaTeX Font Info:    Font shape `TS1/LinuxLibertineT-TLF/m/n' will be
(Font)              scaled to size 10.95pt on input line 237.
Package microtype Info: Loading generic settings for font family
(microtype)             `LinuxLibertineT-TLF' (encoding: TS1).
(microtype)             For optimal results, create family-specific settings.
(microtype)             See the microtype manual for details.
 [5]
Overfull \hbox (0.1234pt too wide) in paragraph at lines 326--335
[]\T1/LinuxLibertineT-TLF/m/n/10.95 (+11) The work-flow is as follows:[] (1) ru
n L[]T[]X, (2) run \T1/LinuxLibertineT-TLF/m/sc/10.95 (+11) biber\T1/LinuxLiber
tineT-TLF/m/n/10.95 (+11) ---the program that 
 []

[6]
LaTeX Font Info:    Font shape `T1/fvm/bx/n' in size <10.95> not available
(Font)              Font shape `T1/fvm/b/n' tried instead on input line 377.
LaTeX Font Info:    Font shape `T1/fvm/b/n' will be
(Font)              scaled to size 8.76003pt on input line 377.
 [7]
Overfull \hbox (2.9627pt too wide) in paragraph at lines 406--407
[]\T1/LinuxLibertineT-TLF/m/n/10.95 (-20) To make quo-ta-tion marks work prop-e
rly,[][][] you also need to load the \T1/LinuxLibertineT-TLF/m/sc/10.95 (-20) c
squotes 
 []


Overfull \hbox (0.10324pt too wide) in paragraph at lines 442--449
\T1/LinuxLibertineT-TLF/m/n/10.95 (+9) an EU treaty will be printed in the form
 `Art 23 TFEU' 
 []

[8]
Underfull \hbox (badness 10000) in paragraph at lines 493--493
[][][]\T1/LinuxLibertineT-TLF/m/n/9 (+20) `  Note that it is also ac-cept-able 
to give the full ci-ta-tion ev-ery time a source is cited, and some
 []

[9] [10] [11]
Overfull \hbox (0.10823pt too wide) in paragraph at lines 665--666
[]\T1/LinuxLibertineT-TLF/m/n/10.95 (+7) There are two ways you can enter these
, and the choice you make matters. 
 []

[12]
Underfull \hbox (badness 10000) in paragraph at lines 747--747
[][][]\T1/LinuxLibertineT-TLF/m/n/9 (+19) If you are us-ing \T1/fvm/m/n/9 ibids
tyle=uc \T1/LinuxLibertineT-TLF/m/n/9 (+19) to have cap-i-tal-ized `Ibid' ref-e
r-ences, there is a fur-ther rea-son to
 []

LaTeX Font Info:    Font shape `T1/LinuxLibertineT-TLF/b/n' will be
(Font)              scaled to size 10.95pt on input line 762.
[13]
Overfull \hbox (0.12067pt too wide) in paragraph at lines 828--832
\T1/LinuxLibertineT-TLF/m/n/10.95 (+1) (and \T1/LinuxLibertineT-TLF/m/sc/10.95 
(+1) oscola \T1/LinuxLibertineT-TLF/m/n/10.95 (+1) requires them to have) sever
al tables which are, in effect, indexes. 
 []

LaTeX Font Info:    Font shape `T1/LinuxLibertineT-TLF/m/n' will be
(Font)              scaled to size 6.0pt on input line 845.

Underfull \hbox (badness 10000) in paragraph at lines 845--845
\T1/LinuxLibertineT-TLF/m/n/9 (+20) by the fact that L[]T[]X can only write a n
um-ber of aux-il-iary files. I like \T1/LinuxLibertineT-TLF/m/sc/9 (+20) imakei
dx \T1/LinuxLibertineT-TLF/m/n/9 (+20) be-cause it
 []


Underfull \hbox (badness 10000) in paragraph at lines 845--845
\T1/LinuxLibertineT-TLF/m/n/9 (+2) pro-vides a con-ve-nient method of us-ing \T
1/LinuxLibertineT-TLF/m/sc/9 (+2) splitin-dex\T1/LinuxLibertineT-TLF/m/n/9 (+2)
 . You can-not, in fact, use \T1/LinuxLibertineT-TLF/m/sc/9 (+2) splitin-dex \T
1/LinuxLibertineT-TLF/m/n/9 (+2) di-rectly
 []

[14]
Underfull \hbox (badness 10000) in paragraph at lines 866--866
[][][]\T1/LinuxLibertineT-TLF/m/n/9 (+20) The pack-age works with both \T1/Linu
xLibertineT-TLF/m/sc/9 (+20) in-dex \T1/LinuxLibertineT-TLF/m/n/9 (+20) and \T1
/LinuxLibertineT-TLF/m/sc/9 (+20) imakeidx\T1/LinuxLibertineT-TLF/m/n/9 (+20) .
 It is not cur-rently com-pat-i-ble with
 []


Overfull \hbox (0.15492pt too wide) in paragraph at lines 881--889
\T1/LinuxLibertineT-TLF/m/n/10.95 (+14) at-ing a bunch of po-ten-tial in-dexes 
ev-ery time it runs, but as things stand you 
 []

[15]
LaTeX Font Info:    Font shape `T1/fvm/m/n' will be
(Font)              scaled to size 8.00003pt on input line 937.

Overfull \hbox (3.43465pt too wide) in paragraph at lines 976--982
\T1/LinuxLibertineT-TLF/m/n/10.95 (-20) it is pos-si-ble to de-fine your own in
-dices, if you wish. To do so, set the \T1/fvm/m/n/10.95 tabulate 
 []

[16]
Overfull \hbox (0.15369pt too wide) in paragraph at lines 989--997
\T1/LinuxLibertineT-TLF/m/n/10.95 (+13) index command, and so if you set a tabu
late field you need to make sure that 
 []

[17] [18]
Overfull \hbox (0.12999pt too wide) in paragraph at lines 1155--1156
[][]\T1/LinuxLibertineT-TLF/m/n/10.95 (+9) Antaios Compania Naviera SA v Salen 
Rederierna AB (The Nema) 
 []

[19]
Overfull \hbox (5.39pt too wide) in paragraph at lines 1252--1254
\T1/LinuxLibertineT-TLF/m/n/10.95 (-20) Cases should be en-tered into the bib-l
i-og-ra-phy database us-ing the \T1/fvm/m/n/10.95 @jurisdiction 
 []

[20]
Underfull \hbox (badness 10000) in paragraph at lines 1310--1313
\T1/LinuxLibertineT-TLF/m/n/10.95 (+20) field 
 []


Underfull \hbox (badness 10000) in paragraph at lines 1323--1323
[][][]\T1/LinuxLibertineT-TLF/m/n/9 (+20) Not quite true. The pack-age is prett
y good at work-ing out whether it is re-quired for En-glish
 []


Underfull \hbox (badness 10000) in paragraph at lines 1323--1323
\T1/LinuxLibertineT-TLF/m/n/9 (+20) and Eu-ro-pean ci-ta-tions; but it `knows l
ess' about non-English ci-ta-tions, and will gen-er-ally use
 []

[21]
Overfull \hbox (0.10669pt too wide) in paragraph at lines 1370--1375
[]\T1/LinuxLibertineT-TLF/m/n/10.95 (+7) Only required in some cases. The optio
n that you may 
 []

[22]
Overfull \hbox (0.1533pt too wide) in paragraph at lines 1447--1457
\T1/LinuxLibertineT-TLF/m/n/10.95 (+10) in-sti-tu-tion de-cid-ing the case alon
g-side a neu-tral ci-ta-tion. If it's not needed (as 
 []

[23]
Overfull \hbox (4.24979pt too wide) in paragraph at lines 1475--1479
[]\T1/LinuxLibertineT-TLF/m/n/10.95 (-20) You can over-ride this choice by spec
-i-fy-ing the \T1/fvm/m/n/10.95 option\T1/LinuxLibertineT-TLF/m/n/10.95 (-20) ,
 \T1/fvm/m/n/10.95 year-essential=true\T1/LinuxLibertineT-TLF/m/n/10.95 (-20) .
 
 []


Underfull \hbox (badness 10000) in paragraph at lines 1494--1494
\T1/LinuxLibertineT-TLF/m/n/9 (+19) prac-tice to do so. In par-tic-u-lar, while
 it is ac-cept-able to leave the key-words field blank, if there
 []


Underfull \hbox (badness 10000) in paragraph at lines 1494--1494
\T1/LinuxLibertineT-TLF/m/n/9 (+20) is \T1/LinuxLibertineT-TLF/m/it/9 (+20) any
 \T1/LinuxLibertineT-TLF/m/n/9 (+20) key-word, then you need to make sure there
 is also a ju-ris-dic-tion la-bel, or the in-dex-ing
 []


Overfull \hbox (0.10153pt too wide) in paragraph at lines 1496--1501
\T1/LinuxLibertineT-TLF/m/n/10.95 (+3) formatting (\T1/LinuxLibertineT-TLF/m/sc
/10.95 (+3) eu\T1/LinuxLibertineT-TLF/m/n/10.95 (+3) , \T1/LinuxLibertineT-TLF/
m/sc/10.95 (+3) echr \T1/LinuxLibertineT-TLF/m/n/10.95 (+3) and Scottish cases 
are formatted differently from English 
 []


Underfull \hbox (badness 10000) in paragraph at lines 1513--1515
[]|\T1/LinuxLibertineT-TLF/m/n/10.95 (+20) European Union (in-clud-ing the \T1/
LinuxLibertineT-TLF/m/sc/10.95 (+20) eec\T1/LinuxLibertineT-TLF/m/n/10.95 (+20)
 , \T1/LinuxLibertineT-TLF/m/sc/10.95 (+20) ec\T1/LinuxLibertineT-TLF/m/n/10.95
 (+20) , \T1/LinuxLibertineT-TLF/m/sc/10.95 (+20) ecsc \T1/LinuxLibertineT-TLF/
m/n/10.95 (+20) and
 []


Underfull \hbox (badness 10000) in paragraph at lines 1515--1517
[]|\T1/LinuxLibertineT-TLF/m/n/10.95 (+20) Organs of the Coun-cil of Eu-rope de
al-ing with the
 []


Underfull \hbox (badness 10000) in alignment at lines 1506--1522
[][] 
 []


Overfull \hbox (9.36789pt too wide) in paragraph at lines 1526--1530
[]\T1/LinuxLibertineT-TLF/m/n/10.95 (-20) In some cases (no-tably Amer-i-can, A
us-tralian and Cana-dian states or provinces) 
 []

[24]
Overfull \hbox (0.13039pt too wide) in paragraph at lines 1593--1603
\T1/LinuxLibertineT-TLF/m/n/10.95 (+8) could be ignored. It also correctly stri
pped out full points. (3) The \T1/fvm/m/n/10.95 pagination 
 []

[25]
Overfull \hbox (1.41562pt too wide) in paragraph at lines 1668--1672
\T1/LinuxLibertineT-TLF/m/n/10.95 (-20) make sure the for-mat-ting is as it sho
uld be, you need to en-ter an \T1/fvm/m/n/10.95 entrysubtype 
 []

[26]
Underfull \hbox (badness 10000) in paragraph at lines 1694--1694
[][][]\T1/LinuxLibertineT-TLF/m/n/9 (+20) In other forms of case ci-ta-tion a c
omma is un-nec-es-sary, be-cause the (year) or [year] marks a
 []


Overfull \hbox (0.12277pt too wide) in paragraph at lines 1688--1696
\T1/LinuxLibertineT-TLF/m/n/10.95 (+7) requires that one put a comma between di
fferent parts of a citation which are 
 []

[27]
Overfull \hbox (0.11739pt too wide) in paragraph at lines 1759--1764
[]\T1/LinuxLibertineT-TLF/m/n/10.95 (+8) Scottish cases will be for-mat-ted in 
the same way as En-glish cases,[][][] ex-cept 
 []


Overfull \hbox (0.14725pt too wide) in paragraph at lines 1765--1772
\T1/LinuxLibertineT-TLF/m/n/10.95 (+10) not be used, \T1/LinuxLibertineT-TLF/m/
sc/10.95 (+10) bl-oscola \T1/LinuxLibertineT-TLF/m/n/10.95 (+10) needs help (or
 it will as-sume that it should fol-low the 
 []

[28] [29] [30]
Overfull \hbox (17.77167pt too wide) in paragraph at lines 1940--1943
[]\T1/LinuxLibertineT-TLF/m/n/10.95 (-20) Example []34[] shows how it can some-
times be a good idea to in-clude \T1/fvm/m/n/10.95 hyphenation 
 []


Overfull \hbox (0.14827pt too wide) in paragraph at lines 1977--1984
\T1/LinuxLibertineT-TLF/m/n/10.95 (+10) those circumstances the citation should
 be to OJ, my own view would be that 
 []

[31]
Overfull \hbox (0.11005pt too wide) in paragraph at lines 2003--2004
\T1/LinuxLibertineT-TLF/m/it/10.95 (+10) Stichting Pensioenfonds voor Fysiother
apeuten \T1/LinuxLibertineT-TLF/m/n/10.95 (+10) [1998] ECR 
 []

[32] [33] [34] [35]
Overfull \hbox (0.14063pt too wide) in paragraph at lines 2298--2311
\T1/LinuxLibertineT-TLF/m/n/10.95 (+10) ci-ta-tion (in which case it is as-sume
d that the neu-tral ci-ta-tion in-for-ma-tion pro- 
 []

[36]
Underfull \hbox (badness 10000) in paragraph at lines 2338--2338
\T1/LinuxLibertineT-TLF/m/it/9 Guide to Le-gal Ci-ta-tion \T1/LinuxLibertineT-T
LF/m/n/9 (3rd edn, Mel-bourne Uni-ver-sity Law Re-view As-so-ci-a-tion and Mel-
bourne
 []

[37] [38] [39]
Overfull \hbox (20.7643pt too wide) in paragraph at lines 2554--2554
[]  \T1/fvm/m/n/10.95 url          = {http://www.icj-cij.org/icjwww/imwp/imwpfr
ame.htm},[] 
 []

[40]

Package hyperref Warning: Suppressing empty link on input line 2600.


Overfull \hbox (0.13625pt too wide) in paragraph at lines 2592--2601
\T1/LinuxLibertineT-TLF/m/n/10.95 (+13) The \T1/LinuxLibertineT-TLF/m/sc/10.95 
(+13) bl-oscola \T1/LinuxLibertineT-TLF/m/n/10.95 (+13) style pro-vides sup-por
t for cit-ing as `leg-is-la-tion' (a) UK Acts of 
 []


Overfull \hbox (0.15468pt too wide) in paragraph at lines 2592--2601
\T1/LinuxLibertineT-TLF/m/n/10.95 (+9) Par-lia-ment (and those of the Scot-tish
 and Welsh As-sem-blies and the North-ern 
 []

[41]
Overfull \hbox (0.11136pt too wide) in paragraph at lines 2621--2625
\T1/fvm/m/n/10.95 ni \T1/LinuxLibertineT-TLF/m/n/10.95 (+7) for legislation mad
e in Scotland, Wales or Northern 
 []

[42]
Overfull \hbox (0.13794pt too wide) in paragraph at lines 2731--2732
[]\T1/LinuxLibertineT-TLF/m/n/10.95 (+12) It is also possible to cite Scottish,
 Welsh and Northern Irish legislation. Set 
 []

[43] [44]
Overfull \hbox (0.12393pt too wide) in paragraph at lines 2833--2841
\T1/LinuxLibertineT-TLF/m/it/10.95 (+17) keyword\T1/LinuxLibertineT-TLF/m/n/10.
95 (+17) . (This is because it seems possible, in theory, that one might need t
o 
 []

[45]

Package hyperref Warning: Suppressing empty link on input line 2919.

[46]
Overfull \hbox (27.62338pt too wide) in paragraph at lines 2934--2934
[]  \T1/fvm/m/n/10.95 title        = {SP Bill 4 Abolition of Feudal Tenure etc 
(Scotland)[] 
 []

[47]
Underfull \hbox (badness 10000) in paragraph at lines 3029--3029
[][][][][][][]\T1/LinuxLibertineT-TLF/m/sc/9 (+20) oscola[]\T1/LinuxLibertineT-
TLF/m/n/9 (+20) , 29, up-dated to re-flect the most re-cent pub-li-ca-tion of t
he con-sol-i-dated ver-sion of the
 []

[48] [49] [50] [51] [52]
Overfull \hbox (39.22165pt too wide) in paragraph at lines 3374--3374
[]  \T1/fvm/m/n/10.95 parties      = {{Aaaland Islands} and Germany and Denmark
 and Estonia[] 
 []


Overfull \hbox (10.21724pt too wide) in paragraph at lines 3389--3389
[]  \T1/fvm/m/n/10.95 title       = {Agreement with Mongolia (Economic Co-opera
tion)},[] 
 []

[53]
Overfull \hbox (18.12753pt too wide) in paragraph at lines 3422--3422
[]  \T1/fvm/m/n/10.95 note         = {as amended by Protocol No 14bis to the Co
nvention[] 
 []


Overfull \hbox (39.22165pt too wide) in paragraph at lines 3422--3422
[]                  \T1/fvm/m/n/10.95 (opened for signature 27 May 2009, entere
d into force[] 
 []

[54]
Underfull \hbox (badness 10000) in paragraph at lines 3472--3472
[][][]\T1/LinuxLibertineT-TLF/m/n/9 (+20) You can also use `and oth-ers' your-s
elf, if you like; but it's good prac-tice to in-clude as many
 []


Underfull \hbox (badness 10000) in paragraph at lines 3472--3472
\T1/LinuxLibertineT-TLF/m/n/9 (+20) names as you know, since dif-fer-ent styles
 may have dif-fer-ent ideas about when to ab-bre-vi-ate,
 []


Overfull \hbox (6.2924pt too wide) in paragraph at lines 3461--3473
\T1/LinuxLibertineT-TLF/m/n/10.95 (-20) use the form \T1/fvm/m/n/10.95 Frederic
k Bloggs \T1/LinuxLibertineT-TLF/m/n/10.95 (-20) or \T1/fvm/m/n/10.95 Bloggs, F
rederick\T1/LinuxLibertineT-TLF/m/n/10.95 (-20) --- 
 []

[55]
Underfull \hbox (badness 10000) in paragraph at lines 3542--3542
[][][]\T1/LinuxLibertineT-TLF/m/n/9 (+13) The re-quire-ments of \T1/LinuxLibert
ineT-TLF/m/sc/9 (+13) os-cola \T1/LinuxLibertineT-TLF/m/n/9 (+13) re-gard-ing v
ol-umes are not clear to me. I think that the po-si-tion is
 []


Underfull \hbox (badness 10000) in paragraph at lines 3542--3542
\T1/LinuxLibertineT-TLF/m/n/9 (+20) that if the vol-ume is, as it were, an `in-
de-pen-dent' pub-li-ca-tion, the vol-ume is printed with the
 []


Underfull \hbox (badness 10000) in paragraph at lines 3542--3542
\T1/LinuxLibertineT-TLF/m/n/9 (+3) pub-li-ca-tion in-for-ma-tion -- but for mul
-ti-vol-ume ref-er-ence works, it is treated sep-a-rately. That, at
 []


Underfull \hbox (badness 10000) in paragraph at lines 3542--3542
\T1/LinuxLibertineT-TLF/m/n/9 (+20) any rate, is the ap-proach I have taken: if
 you spec-ify a vol-ume for a book or col-lec-tion, it will
 []


Underfull \hbox (badness 10000) in paragraph at lines 3542--3542
\T1/LinuxLibertineT-TLF/m/n/9 (+20) be printed as part of the vol-ume in-for-ma
-tion; if you spec-ify it for a multi-volume ref-er-ence, it
 []

[56] [57] [58] [59] [60]
Overfull \hbox (0.11511pt too wide) in paragraph at lines 3872--3879
\T1/LinuxLibertineT-TLF/m/n/10.95 (+6) so well known as works of reference that
 the identification of editors, authors 
 []

[61] [62]
Overfull \hbox (4.94371pt too wide) in paragraph at lines 4048--4048
[]  \T1/fvm/m/n/10.95 title        = {The Common Law and the Political Constitu
tion},[] 
 []

[63] [64]
Overfull \hbox (0.12003pt too wide) in paragraph at lines 4112--4114
\T1/LinuxLibertineT-TLF/m/n/10.95 (+6) and set the \T1/fvm/m/n/10.95 crossref \
T1/LinuxLibertineT-TLF/m/n/10.95 (+6) to the case re-ferred to. For in-stance, 
con-sider the fol-low- 
 []


Underfull \hbox (badness 10000) in paragraph at lines 4141--4141
[][][][][][]\T1/LinuxLibertineT-TLF/m/it/9 (+20) Jameel v Wall Street Jour-nal 
Eu-rope SPRL \T1/LinuxLibertineT-TLF/m/n/9 (+20) [2006] UKHL 44, [2007] 1 AC 35
9[]; see[][][] []Jacob Row-bot-
 []

[65] [66] [67]

Package imakeidx Warning: Undefined index file `officialreports' on input line 
4335.


Overfull \hbox (2.30695pt too wide) in paragraph at lines 4348--4348
[]  \T1/fvm/m/n/10.95 title        = {Privity of Contract: Contracts for the Be
nefit[] 
 []


Overfull \hbox (8.7771pt too wide) in paragraph at lines 4359--4364
\T1/LinuxLibertineT-TLF/m/n/10.95 (-20) You need to dis-tin-guish be-tween re-p
orts of pro-ceed-ings in Par-lia-ment (Hansard)[][][] 
 []

[68]
Overfull \hbox (2.63742pt too wide) in paragraph at lines 4405--4411
[]\T1/LinuxLibertineT-TLF/m/n/10.95 (-20) Now you will be able to ref-er-ence a
 par-tic-u-lar de-bate, us-ing []\T1/fvm/m/n/10.95 \cite{foia:2r}\T1/LinuxLiber
tineT-TLF/m/n/10.95 (-20) . 
 []

[69]

Package hyperref Warning: Suppressing empty link on input line 4460.

[70]
Overfull \hbox (20.7643pt too wide) in paragraph at lines 4537--4537
[]  \T1/fvm/m/n/10.95 title        = {Proposal for a Council Decision on the co
nclusion,[] 
 []


Overfull \hbox (23.40106pt too wide) in paragraph at lines 4537--4537
[]                  \T1/fvm/m/n/10.95 on behalf of the European Community, of a
 Protocol[] 
 []


Overfull \hbox (18.12753pt too wide) in paragraph at lines 4537--4537
[]                  \T1/fvm/m/n/10.95 on the Implementation of the Alpine Conve
ntion in[] 
 []


Overfull \hbox (2.30695pt too wide) in paragraph at lines 4551--4551
[]                  \T1/fvm/m/n/10.95 and the settlement of disputes in the int
ernal[] 
 []

[71]
Overfull \hbox (18.12753pt too wide) in paragraph at lines 4565--4565
[]  \T1/fvm/m/n/10.95 title        = {Proposal for a Council Regulation on juri
sdiction[] 
 []


Overfull \hbox (12.854pt too wide) in paragraph at lines 4565--4565
[]                  \T1/fvm/m/n/10.95 and the recognition and enforcement of ju
dgments[] 
 []

[72] [73]
Overfull \hbox (23.53186pt too wide) in paragraph at lines 4672--4673
[][][][]\T1/LinuxLibertineT-TLF/m/n/10.95 (-20) UNGA Res 51/210 (17 De-cem-ber 
1996) UN Doc A/RES/51/210  
 []


Overfull \hbox (6.86325pt too wide) in paragraph at lines 4676--4678
[]\T1/LinuxLibertineT-TLF/m/n/10.95 (-20) No spe-cial in-dex is pro-vided for \
T1/LinuxLibertineT-TLF/m/sc/10.95 (-20) un \T1/LinuxLibertineT-TLF/m/n/10.95 (-
20) doc-u-ments, but you can use the \T1/fvm/m/n/10.95 tabulate 
 []

[74]
Overfull \hbox (31.31136pt too wide) in paragraph at lines 4762--4762
[]                  \T1/fvm/m/n/10.95 Promissory and Proprietary Estoppel in En
glish Law},[] 
 []

[75] [76] [77]
LaTeX Font Info:    Font shape `T1/LinuxBiolinumT-TLF/bx/sc' in size <10.95> no
t available
(Font)              Font shape `T1/LinuxBiolinumT-TLF/b/sc' tried instead on in
put line 4928.
LaTeX Font Info:    Font shape `T1/LinuxBiolinumT-TLF/b/sc' will be
(Font)              scaled to size 10.95pt on input line 4928.

Underfull \hbox (badness 10000) in paragraph at lines 4947--4954
\T1/LinuxLibertineT-TLF/m/n/10.95 (+20) use other de-lime-ters by re-defin-ing 

 []

[78] [79

]
Overfull \hbox (0.10367pt too wide) in paragraph at lines 5069--5070
[]\T1/LinuxLibertineT-TLF/m/n/10.95 (+15) And the EU cases get sent to the alph
abetically and numerically organised 
 []


Overfull \hbox (0.10794pt too wide) in paragraph at lines 5082--5083
[]\T1/LinuxLibertineT-TLF/m/n/10.95 (+11) And finally, all other cases (for ins
tance US, Canadian, Australian) are sent 
 []

[80]
Overfull \hbox (0.12325pt too wide) in paragraph at lines 5123--5124
\T1/LinuxLibertineT-TLF/m/n/10.95 (+10) example []67[] got indexed properly, I 
set its \T1/fvm/m/n/10.95 tabulate \T1/LinuxLibertineT-TLF/m/n/10.95 (+10) fiel
d to \T1/fvm/m/n/10.95 pmats\T1/LinuxLibertineT-TLF/m/n/10.95 (+10) , and gave 
it 
 []

[81] [82] [83

]
No file oscola-ukleg.ind.
No file oscola-ukcases.ind.
No file oscola-euleg.ind.
No file oscola-eucasesa.ind.
No file oscola-eucasesn.ind.
No file oscola-treaties.ind.
No file oscola-intcases.ind.
No file oscola-ocases.ind.
No file oscola-pmats.ind.
[84




]
Overfull \hbox (0.10428pt too wide) in paragraph at lines 5277--5277
[][]\T1/LinuxLibertineT-TLF/m/n/10.95 (+18) Home Office, \T1/LinuxLibertineT-TL
F/m/it/10.95 (+18) Report of the Royal Commission on Capital Punishment \T1/Lin
uxLibertineT-TLF/m/n/10.95 (+18) (Cmd 8932, 
 []


Overfull \hbox (0.13226pt too wide) in paragraph at lines 5277--5277
[][]\T1/LinuxLibertineT-TLF/m/n/10.95 (+18) Pila J, `  The Value of Au-thor-shi
p in the Dig-i-tal En-vi-ron-ment' in Dut-ton WH and 
 []

[85]
No file oscola-general.ind.

Package imakeidx Warning: Remember to run (pdf)latex again after calling
(imakeidx)                `splitindex' and processing the indices.

Package atveryend Info: Empty hook `BeforeClearDocument' on input line 5284.
Package atveryend Info: Empty hook `AfterLastShipout' on input line 5284.
("C:\Users\SjurK\Desktop\Law_PhD\Thesis Shell\Classes\oscola.aux")
Package atveryend Info: Executing hook `AtVeryEndDocument' on input line 5284.
Package atveryend Info: Executing hook `AtEndAfterFileList' on input line 5284.

Package rerunfilecheck Info: File `oscola.out' has not changed.
(rerunfilecheck)             Checksum: 32DD474C99DABA6105F6809AB519D3C8;7266.


LaTeX Warning: Label(s) may have changed. Rerun to get cross-references right.


Package biblatex Warning: Please rerun LaTeX.
(biblatex)                Page breaks have changed.

Package logreq Info: Writing requests to 'oscola.run.xml'.
 ) 
Here is how much of TeX's memory you used:
 24835 strings out of 493921
 439567 string characters out of 3144876
 965927 words of memory out of 3000000
 26989 multiletter control sequences out of 15000+200000
 124852 words of font info for 256 fonts, out of 3000000 for 9000
 844 hyphenation exceptions out of 8191
 56i,12n,70p,10428b,1332s stack positions out of 5000i,500n,10000p,200000b,50000s
pdfTeX warning (dest): name{cite.0:2002/60:} has been referenced but does not
 exist, replaced by a fixed one

pdfTeX warning (dest): name{cite.0:teu:} has been referenced but does not exist
, replaced by a fixed one

pdfTeX warning (dest): name{cite.0:nia1965:} has been referenced but does not e
xist, replaced by a fixed one

pdfTeX warning (dest): name{cite.0:oscola:} has been referenced but does not ex
ist, replaced by a fixed one

{C:/Program Files (x86)/MiKTeX 2.9/fonts/enc/dvips/libertine/lbtn_jtta5h.enc}{C
:/Program Files (x86)/MiKTeX 2.9/fonts/enc/dvips/libertine/lbtn_nh77jq.enc}{C:/
Program Files (x86)/MiKTeX 2.9/fonts/enc/dvips/libertine/lbtn_naooyc.enc}{C:/Pr
ogram Files (x86)/MiKTeX 2.9/fonts/enc/dvips/libertine/lbtn_7grukw.enc}{C:/Prog
ram Files (x86)/MiKTeX 2.9/fonts/enc/dvips/fontname/8r.enc}{C:/Program Files (x
86)/MiKTeX 2.9/fonts/enc/dvips/libertine/lbtn_ncsllp.enc}{C:/Program Files (x86
)/MiKTeX 2.9/fonts/enc/dvips/libertine/lbtn_76gpa5.enc}{C:/Program Files (x86)/
MiKTeX 2.9/fonts/enc/dvips/libertine/lbtn_25tcsq.enc}<C:/Program Files (x86)/Mi
KTeX 2.9/fonts/type1/public/libertine/LinBiolinumTB.pfb><C:/Program Files (x86)
/MiKTeX 2.9/fonts/type1/public/libertine/LinLibertineT.pfb><C:/Program Files (x
86)/MiKTeX 2.9/fonts/type1/public/libertine/LinLibertineTB.pfb><C:/Program File
s (x86)/MiKTeX 2.9/fonts/type1/public/libertine/LinLibertineTI.pfb><C:/Program 
Files (x86)/MiKTeX 2.9/fonts/type1/public/amsfonts/cm/cmsy10.pfb><C:/Program Fi
les (x86)/MiKTeX 2.9/fonts/type1/public/amsfonts/cm/cmsy9.pfb><C:/Program Files
 (x86)/MiKTeX 2.9/fonts/type1/bera/fvmr8a.pfb>
Output written on oscola.pdf (85 pages, 735411 bytes).
PDF statistics:
 1765 PDF objects out of 2073 (max. 8388607)
 567 named destinations out of 1000 (max. 500000)
 42921 words of extra memory for PDF output out of 42996 (max. 10000000)

