\BOOKMARK [1][-]{section*.2}{Scope}{}% 1
\BOOKMARK [2][-]{section*.3}{Omissions}{section*.2}% 2
\BOOKMARK [2][-]{section*.4}{Language}{section*.2}% 3
\BOOKMARK [1][-]{section*.5}{Some thanks, an apology, a warning, a promise}{}% 4
\BOOKMARK [2][-]{section*.6}{Thanks}{section*.5}% 5
\BOOKMARK [2][-]{section*.7}{An apology}{section*.5}% 6
\BOOKMARK [2][-]{section*.8}{A warning}{section*.5}% 7
\BOOKMARK [2][-]{section*.9}{A promise}{section*.5}% 8
\BOOKMARK [1][-]{section*.10}{For Absolute Beginners}{}% 9
\BOOKMARK [2][-]{section*.11}{What you need}{section*.10}% 10
\BOOKMARK [2][-]{section*.12}{Installation}{section*.10}% 11
\BOOKMARK [1][-]{section*.13}{Basic Use}{}% 12
\BOOKMARK [2][-]{section*.14}{Customization}{section*.13}% 13
\BOOKMARK [1][-]{section*.15}{The Bibliographic Database}{}% 14
\BOOKMARK [2][-]{section*.16}{Entry Types}{section*.15}% 15
\BOOKMARK [2][-]{section*.17}{Entry Fields}{section*.15}% 16
\BOOKMARK [2][-]{section*.18}{Specific Guidance}{section*.15}% 17
\BOOKMARK [3][-]{section*.19}{Periods}{section*.18}% 18
\BOOKMARK [3][-]{section*.20}{Names}{section*.18}% 19
\BOOKMARK [3][-]{section*.21}{Dates}{section*.18}% 20
\BOOKMARK [3][-]{section*.22}{Pages}{section*.18}% 21
\BOOKMARK [3][-]{section*.23}{Pagination}{section*.18}% 22
\BOOKMARK [3][-]{section*.24}{Slashes}{section*.18}% 23
\BOOKMARK [3][-]{section*.25}{Hyphenation}{section*.18}% 24
\BOOKMARK [3][-]{section*.26}{Quotations}{section*.18}% 25
\BOOKMARK [1][-]{section*.27}{Citation Commands}{}% 26
\BOOKMARK [2][-]{section*.28}{Multiple postnotes}{section*.27}% 27
\BOOKMARK [1][-]{section*.29}{Bibliography}{}% 28
\BOOKMARK [1][-]{section*.30}{Indexing}{}% 29
\BOOKMARK [2][-]{section*.31}{Stage One: Turn Indexing On}{section*.30}% 30
\BOOKMARK [2][-]{section*.32}{Stage Two: Hook Up the Indexes}{section*.30}% 31
\BOOKMARK [2][-]{section*.33}{Stage Three: Process and Print Indexes}{section*.30}% 32
\BOOKMARK [2][-]{section*.34}{Some finer points}{section*.30}% 33
\BOOKMARK [3][-]{section*.35}{Titles}{section*.34}% 34
\BOOKMARK [3][-]{section*.36}{Suppressing Indexing}{section*.34}% 35
\BOOKMARK [3][-]{section*.37}{Adding index entries}{section*.34}% 36
\BOOKMARK [3][-]{section*.38}{Legislation}{section*.34}% 37
\BOOKMARK [1][-]{section*.39}{Cases}{}% 38
\BOOKMARK [2][-]{section*.40}{Fields}{section*.39}% 39
\BOOKMARK [2][-]{section*.41}{[Year] or \(Year\)}{section*.39}% 40
\BOOKMARK [2][-]{section*.42}{Countries}{section*.39}% 41
\BOOKMARK [2][-]{section*.43}{Indexing}{section*.39}% 42
\BOOKMARK [1][-]{section*.44}{English Cases}{}% 43
\BOOKMARK [2][-]{section*.45}{Some Basic Examples}{section*.44}% 44
\BOOKMARK [2][-]{section*.46}{Unreported Cases}{section*.44}% 45
\BOOKMARK [2][-]{section*.47}{Newspaper Reports}{section*.44}% 46
\BOOKMARK [2][-]{section*.48}{Old cases reprinted in the English Reports}{section*.44}% 47
\BOOKMARK [1][-]{section*.49}{Scottish Cases}{}% 48
\BOOKMARK [1][-]{section*.50}{European Union Cases}{}% 49
\BOOKMARK [2][-]{section*.51}{Decisions of the ECJ and the General Court}{section*.50}% 50
\BOOKMARK [3][-]{section*.52}{Examples}{section*.51}% 51
\BOOKMARK [3][-]{section*.53}{Indexing}{section*.51}% 52
\BOOKMARK [2][-]{section*.54}{Commission Decisions}{section*.50}% 53
\BOOKMARK [3][-]{section*.55}{Basic usage}{section*.54}% 54
\BOOKMARK [3][-]{section*.56}{Indexing}{section*.54}% 55
\BOOKMARK [1][-]{section*.57}{European Human Rights Cases}{}% 56
\BOOKMARK [2][-]{section*.58}{European Court of Human Rights}{section*.57}% 57
\BOOKMARK [2][-]{section*.59}{Commission Decisions}{section*.57}% 58
\BOOKMARK [1][-]{section*.60}{Canadian Cases}{}% 59
\BOOKMARK [1][-]{section*.61}{Australian Cases}{}% 60
\BOOKMARK [1][-]{section*.62}{New Zealand Cases}{}% 61
\BOOKMARK [1][-]{section*.63}{US Cases}{}% 62
\BOOKMARK [1][-]{section*.64}{Public International Cases}{}% 63
\BOOKMARK [2][-]{section*.65}{Fields and usage}{section*.64}% 64
\BOOKMARK [2][-]{section*.66}{Indexing}{section*.64}% 65
\BOOKMARK [1][-]{section*.67}{Legislation}{}% 66
\BOOKMARK [2][-]{section*.68}{UK Primary Legislation}{section*.67}% 67
\BOOKMARK [3][-]{section*.69}{Bibliographical data}{section*.68}% 68
\BOOKMARK [3][-]{section*.70}{Citation}{section*.68}% 69
\BOOKMARK [3][-]{section*.71}{Examples}{section*.68}% 70
\BOOKMARK [3][-]{section*.72}{Indexing}{section*.68}% 71
\BOOKMARK [2][-]{section*.73}{UK Secondary Legislation}{section*.67}% 72
\BOOKMARK [3][-]{section*.74}{Bibliographic data}{section*.73}% 73
\BOOKMARK [3][-]{section*.75}{Indexing}{section*.73}% 74
\BOOKMARK [2][-]{section*.76}{Draft Legislation}{section*.67}% 75
\BOOKMARK [3][-]{section*.77}{Fields}{section*.76}% 76
\BOOKMARK [3][-]{section*.78}{Indexing}{section*.76}% 77
\BOOKMARK [2][-]{section*.79}{EU Legislation}{section*.67}% 78
\BOOKMARK [3][-]{section*.80}{Treaties}{section*.79}% 79
\BOOKMARK [3][-]{section*.81}{Other EU legislation}{section*.79}% 80
\BOOKMARK [1][-]{section*.82}{Court Rules}{}% 81
\BOOKMARK [1][-]{section*.83}{Treaties}{}% 82
\BOOKMARK [2][-]{section*.84}{Basic use}{section*.83}% 83
\BOOKMARK [2][-]{section*.85}{Dates}{section*.83}% 84
\BOOKMARK [2][-]{section*.86}{Examples}{section*.83}% 85
\BOOKMARK [1][-]{section*.87}{Books}{}% 86
\BOOKMARK [2][-]{section*.88}{Basic Use}{section*.87}% 87
\BOOKMARK [2][-]{section*.89}{Collections and edited works}{section*.87}% 88
\BOOKMARK [2][-]{section*.90}{Older Works}{section*.87}% 89
\BOOKMARK [2][-]{section*.91}{Books of Authority}{section*.87}% 90
\BOOKMARK [2][-]{section*.92}{Reference works}{section*.87}% 91
\BOOKMARK [2][-]{section*.93}{Looseleaf works}{section*.87}% 92
\BOOKMARK [1][-]{section*.94}{Articles}{}% 93
\BOOKMARK [2][-]{section*.95}{Newspaper Articles}{section*.94}% 94
\BOOKMARK [2][-]{section*.96}{Case Notes}{section*.94}% 95
\BOOKMARK [1][-]{section*.97}{Reports}{}% 96
\BOOKMARK [2][-]{section*.98}{The Basic Report}{section*.97}% 97
\BOOKMARK [3][-]{section*.99}{Examples}{section*.98}% 98
\BOOKMARK [2][-]{section*.100}{Parliamentary Reports}{section*.97}% 99
\BOOKMARK [3][-]{section*.101}{Hansard}{section*.100}% 100
\BOOKMARK [3][-]{section*.102}{Select and Joint Committee Reports}{section*.100}% 101
\BOOKMARK [3][-]{section*.103}{Examples}{section*.100}% 102
\BOOKMARK [2][-]{section*.104}{EU Commission Documents}{section*.97}% 103
\BOOKMARK [1][-]{section*.105}{UN Documents}{}% 104
\BOOKMARK [1][-]{section*.106}{Miscellaneous Other Resources}{}% 105
\BOOKMARK [1][-]{section*.107}{Online Materials}{}% 106
\BOOKMARK [2][-]{section*.108}{Online sources}{section*.107}% 107
\BOOKMARK [2][-]{section*.109}{URLs in other material}{section*.107}% 108
\BOOKMARK [3][-]{section*.110}{Controlling whether urls are printed}{section*.109}% 109
\BOOKMARK [2][-]{section*.111}{Formatting of URLs}{section*.107}% 110
\BOOKMARK [1][-]{egcounter.133}{Appendices}{}% 111
\BOOKMARK [1][-]{section*.112}{Licence}{}% 112
\BOOKMARK [2][-]{section*.113}{Main Package}{section*.112}% 113
\BOOKMARK [2][-]{section*.114}{Documentation}{section*.112}% 114
\BOOKMARK [1][-]{section*.115}{The Tabulation Scheme in this Document}{}% 115
\BOOKMARK [1][-]{section*.115}{Table of Examples}{}% 116
\BOOKMARK [1][-]{section*.116}{Bibliography}{}% 117
