This is pdfTeX, Version 3.1415926-2.5-1.40.14 (TeX Live 2013) (format=latex 2013.9.23)  9 FEB 2014 16:07
entering extended mode
 restricted \write18 enabled.
 %&-line parsing enabled.
**MacroFile1.tex
(./MacroFile1.tex
LaTeX2e <2011/06/27>
Babel <3.9f> and hyphenation patterns for 78 languages loaded.
)
! Emergency stop.
<*> MacroFile1.tex
                  
*** (job aborted, no legal \end found)

 
Here is how much of TeX's memory you used:
 11 strings out of 493316
 208 string characters out of 6137930
 52155 words of memory out of 5000000
 3563 multiletter control sequences out of 15000+600000
 3640 words of font info for 14 fonts, out of 8000000 for 9000
 957 hyphenation exceptions out of 8191
 7i,0n,6p,104b,8s stack positions out of 5000i,500n,10000p,200000b,80000s
No pages of output.
